2024-12-01 16:12:49 [main] INFO  com.xmut.WMSApplication - Starting WMSApplication using Java 20.0.1 on LAPTOP-H6G5ECNO with PID 24416 (E:\WMS\Springboot\target\classes started by Fy in E:\WMS\Springboot)
2024-12-01 16:12:49 [main] INFO  com.xmut.WMSApplication - No active profile set, falling back to 1 default profile: "default"
2024-12-01 16:12:50 [main] WARN  o.m.s.mapper.ClassPathMapperScanner - Skipping MapperFactoryBean with name 'categoryMapper' and 'com.xmut.mapper.CategoryMapper' mapperInterface. Bean already defined with the same name!
2024-12-01 16:12:50 [main] WARN  o.m.s.mapper.ClassPathMapperScanner - Skipping MapperFactoryBean with name 'companyMapper' and 'com.xmut.mapper.CompanyMapper' mapperInterface. Bean already defined with the same name!
2024-12-01 16:12:50 [main] WARN  o.m.s.mapper.ClassPathMapperScanner - Skipping MapperFactoryBean with name 'inventoryRecordMapper' and 'com.xmut.mapper.InventoryRecordMapper' mapperInterface. Bean already defined with the same name!
2024-12-01 16:12:50 [main] WARN  o.m.s.mapper.ClassPathMapperScanner - Skipping MapperFactoryBean with name 'logMapper' and 'com.xmut.mapper.LogMapper' mapperInterface. Bean already defined with the same name!
2024-12-01 16:12:50 [main] WARN  o.m.s.mapper.ClassPathMapperScanner - Skipping MapperFactoryBean with name 'permissionMapper' and 'com.xmut.mapper.PermissionMapper' mapperInterface. Bean already defined with the same name!
2024-12-01 16:12:50 [main] WARN  o.m.s.mapper.ClassPathMapperScanner - Skipping MapperFactoryBean with name 'productMapper' and 'com.xmut.mapper.ProductMapper' mapperInterface. Bean already defined with the same name!
2024-12-01 16:12:50 [main] WARN  o.m.s.mapper.ClassPathMapperScanner - Skipping MapperFactoryBean with name 'roleMapper' and 'com.xmut.mapper.RoleMapper' mapperInterface. Bean already defined with the same name!
2024-12-01 16:12:50 [main] WARN  o.m.s.mapper.ClassPathMapperScanner - Skipping MapperFactoryBean with name 'rolePermissionMapper' and 'com.xmut.mapper.RolePermissionMapper' mapperInterface. Bean already defined with the same name!
2024-12-01 16:12:50 [main] WARN  o.m.s.mapper.ClassPathMapperScanner - Skipping MapperFactoryBean with name 'stockMapper' and 'com.xmut.mapper.StockMapper' mapperInterface. Bean already defined with the same name!
2024-12-01 16:12:50 [main] WARN  o.m.s.mapper.ClassPathMapperScanner - Skipping MapperFactoryBean with name 'tokenMapper' and 'com.xmut.mapper.TokenMapper' mapperInterface. Bean already defined with the same name!
2024-12-01 16:12:50 [main] WARN  o.m.s.mapper.ClassPathMapperScanner - Skipping MapperFactoryBean with name 'userMapper' and 'com.xmut.mapper.UserMapper' mapperInterface. Bean already defined with the same name!
2024-12-01 16:12:50 [main] WARN  o.m.s.mapper.ClassPathMapperScanner - Skipping MapperFactoryBean with name 'userRoleMapper' and 'com.xmut.mapper.UserRoleMapper' mapperInterface. Bean already defined with the same name!
2024-12-01 16:12:50 [main] WARN  o.m.s.mapper.ClassPathMapperScanner - Skipping MapperFactoryBean with name 'userWarehouseMapper' and 'com.xmut.mapper.UserWarehouseMapper' mapperInterface. Bean already defined with the same name!
2024-12-01 16:12:50 [main] WARN  o.m.s.mapper.ClassPathMapperScanner - Skipping MapperFactoryBean with name 'warehouseMapper' and 'com.xmut.mapper.WarehouseMapper' mapperInterface. Bean already defined with the same name!
2024-12-01 16:12:50 [main] WARN  o.m.s.mapper.ClassPathMapperScanner - No MyBatis mapper was found in '[com.xmut.mapper]' package. Please check your configuration.
2024-12-01 16:12:50 [main] INFO  o.s.b.w.e.tomcat.TomcatWebServer - Tomcat initialized with port(s): 8899 (http)
2024-12-01 16:12:50 [main] INFO  o.a.coyote.http11.Http11NioProtocol - Initializing ProtocolHandler ["http-nio-8899"]
2024-12-01 16:12:50 [main] INFO  o.a.catalina.core.StandardService - Starting service [Tomcat]
2024-12-01 16:12:50 [main] INFO  o.a.catalina.core.StandardEngine - Starting Servlet engine: [Apache Tomcat/9.0.69]
2024-12-01 16:12:51 [main] INFO  o.a.c.c.C.[Tomcat].[localhost].[/] - Initializing Spring embedded WebApplicationContext
2024-12-01 16:12:51 [main] INFO  o.s.b.w.s.c.ServletWebServerApplicationContext - Root WebApplicationContext: initialization completed in 1100 ms
2024-12-01 16:12:51 [main] WARN  o.s.b.w.s.c.AnnotationConfigServletWebServerApplicationContext - Exception encountered during context initialization - cancelling refresh attempt: org.springframework.beans.factory.UnsatisfiedDependencyException: Error creating bean with name 'categoryController': Unsatisfied dependency expressed through field 'categoryService'; nested exception is org.springframework.beans.factory.UnsatisfiedDependencyException: Error creating bean with name 'categoryServiceImpl': Unsatisfied dependency expressed through field 'baseMapper'; nested exception is org.springframework.beans.factory.UnsatisfiedDependencyException: Error creating bean with name 'categoryMapper' defined in file [E:\WMS\Springboot\target\classes\com\xmut\mapper\CategoryMapper.class]: Unsatisfied dependency expressed through bean property 'sqlSessionFactory'; nested exception is org.springframework.beans.factory.BeanCreationException: Error creating bean with name 'sqlSessionFactory' defined in class path resource [com/baomidou/mybatisplus/autoconfigure/MybatisPlusAutoConfiguration.class]: Bean instantiation via factory method failed; nested exception is org.springframework.beans.BeanInstantiationException: Failed to instantiate [org.apache.ibatis.session.SqlSessionFactory]: Factory method 'sqlSessionFactory' threw exception; nested exception is java.io.IOException: Failed to parse mapping resource: 'file [E:\WMS\Springboot\target\classes\mapper\BookMapper.xml]'
2024-12-01 16:12:51 [main] INFO  o.a.catalina.core.StandardService - Stopping service [Tomcat]
2024-12-01 16:12:51 [main] INFO  o.s.b.a.l.ConditionEvaluationReportLoggingListener - 

Error starting ApplicationContext. To display the conditions report re-run your application with 'debug' enabled.
2024-12-01 16:12:51 [main] ERROR o.s.boot.SpringApplication - Application run failed
org.springframework.beans.factory.UnsatisfiedDependencyException: Error creating bean with name 'categoryController': Unsatisfied dependency expressed through field 'categoryService'; nested exception is org.springframework.beans.factory.UnsatisfiedDependencyException: Error creating bean with name 'categoryServiceImpl': Unsatisfied dependency expressed through field 'baseMapper'; nested exception is org.springframework.beans.factory.UnsatisfiedDependencyException: Error creating bean with name 'categoryMapper' defined in file [E:\WMS\Springboot\target\classes\com\xmut\mapper\CategoryMapper.class]: Unsatisfied dependency expressed through bean property 'sqlSessionFactory'; nested exception is org.springframework.beans.factory.BeanCreationException: Error creating bean with name 'sqlSessionFactory' defined in class path resource [com/baomidou/mybatisplus/autoconfigure/MybatisPlusAutoConfiguration.class]: Bean instantiation via factory method failed; nested exception is org.springframework.beans.BeanInstantiationException: Failed to instantiate [org.apache.ibatis.session.SqlSessionFactory]: Factory method 'sqlSessionFactory' threw exception; nested exception is java.io.IOException: Failed to parse mapping resource: 'file [E:\WMS\Springboot\target\classes\mapper\BookMapper.xml]'
	at org.springframework.beans.factory.annotation.AutowiredAnnotationBeanPostProcessor$AutowiredFieldElement.resolveFieldValue(AutowiredAnnotationBeanPostProcessor.java:660)
	at org.springframework.beans.factory.annotation.AutowiredAnnotationBeanPostProcessor$AutowiredFieldElement.inject(AutowiredAnnotationBeanPostProcessor.java:640)
	at org.springframework.beans.factory.annotation.InjectionMetadata.inject(InjectionMetadata.java:119)
	at org.springframework.beans.factory.annotation.AutowiredAnnotationBeanPostProcessor.postProcessProperties(AutowiredAnnotationBeanPostProcessor.java:399)
	at org.springframework.beans.factory.support.AbstractAutowireCapableBeanFactory.populateBean(AbstractAutowireCapableBeanFactory.java:1431)
	at org.springframework.beans.factory.support.AbstractAutowireCapableBeanFactory.doCreateBean(AbstractAutowireCapableBeanFactory.java:619)
	at org.springframework.beans.factory.support.AbstractAutowireCapableBeanFactory.createBean(AbstractAutowireCapableBeanFactory.java:542)
	at org.springframework.beans.factory.support.AbstractBeanFactory.lambda$doGetBean$0(AbstractBeanFactory.java:335)
	at org.springframework.beans.factory.support.DefaultSingletonBeanRegistry.getSingleton(DefaultSingletonBeanRegistry.java:234)
	at org.springframework.beans.factory.support.AbstractBeanFactory.doGetBean(AbstractBeanFactory.java:333)
	at org.springframework.beans.factory.support.AbstractBeanFactory.getBean(AbstractBeanFactory.java:208)
	at org.springframework.beans.factory.support.DefaultListableBeanFactory.preInstantiateSingletons(DefaultListableBeanFactory.java:955)
	at org.springframework.context.support.AbstractApplicationContext.finishBeanFactoryInitialization(AbstractApplicationContext.java:918)
	at org.springframework.context.support.AbstractApplicationContext.refresh(AbstractApplicationContext.java:583)
	at org.springframework.boot.web.servlet.context.ServletWebServerApplicationContext.refresh(ServletWebServerApplicationContext.java:147)
	at org.springframework.boot.SpringApplication.refresh(SpringApplication.java:731)
	at org.springframework.boot.SpringApplication.refreshContext(SpringApplication.java:408)
	at org.springframework.boot.SpringApplication.run(SpringApplication.java:307)
	at org.springframework.boot.SpringApplication.run(SpringApplication.java:1303)
	at org.springframework.boot.SpringApplication.run(SpringApplication.java:1292)
	at com.xmut.WMSApplication.main(WMSApplication.java:12)
Caused by: org.springframework.beans.factory.UnsatisfiedDependencyException: Error creating bean with name 'categoryServiceImpl': Unsatisfied dependency expressed through field 'baseMapper'; nested exception is org.springframework.beans.factory.UnsatisfiedDependencyException: Error creating bean with name 'categoryMapper' defined in file [E:\WMS\Springboot\target\classes\com\xmut\mapper\CategoryMapper.class]: Unsatisfied dependency expressed through bean property 'sqlSessionFactory'; nested exception is org.springframework.beans.factory.BeanCreationException: Error creating bean with name 'sqlSessionFactory' defined in class path resource [com/baomidou/mybatisplus/autoconfigure/MybatisPlusAutoConfiguration.class]: Bean instantiation via factory method failed; nested exception is org.springframework.beans.BeanInstantiationException: Failed to instantiate [org.apache.ibatis.session.SqlSessionFactory]: Factory method 'sqlSessionFactory' threw exception; nested exception is java.io.IOException: Failed to parse mapping resource: 'file [E:\WMS\Springboot\target\classes\mapper\BookMapper.xml]'
	at org.springframework.beans.factory.annotation.AutowiredAnnotationBeanPostProcessor$AutowiredFieldElement.resolveFieldValue(AutowiredAnnotationBeanPostProcessor.java:660)
	at org.springframework.beans.factory.annotation.AutowiredAnnotationBeanPostProcessor$AutowiredFieldElement.inject(AutowiredAnnotationBeanPostProcessor.java:640)
	at org.springframework.beans.factory.annotation.InjectionMetadata.inject(InjectionMetadata.java:119)
	at org.springframework.beans.factory.annotation.AutowiredAnnotationBeanPostProcessor.postProcessProperties(AutowiredAnnotationBeanPostProcessor.java:399)
	at org.springframework.beans.factory.support.AbstractAutowireCapableBeanFactory.populateBean(AbstractAutowireCapableBeanFactory.java:1431)
	at org.springframework.beans.factory.support.AbstractAutowireCapableBeanFactory.doCreateBean(AbstractAutowireCapableBeanFactory.java:619)
	at org.springframework.beans.factory.support.AbstractAutowireCapableBeanFactory.createBean(AbstractAutowireCapableBeanFactory.java:542)
	at org.springframework.beans.factory.support.AbstractBeanFactory.lambda$doGetBean$0(AbstractBeanFactory.java:335)
	at org.springframework.beans.factory.support.DefaultSingletonBeanRegistry.getSingleton(DefaultSingletonBeanRegistry.java:234)
	at org.springframework.beans.factory.support.AbstractBeanFactory.doGetBean(AbstractBeanFactory.java:333)
	at org.springframework.beans.factory.support.AbstractBeanFactory.getBean(AbstractBeanFactory.java:208)
	at org.springframework.beans.factory.config.DependencyDescriptor.resolveCandidate(DependencyDescriptor.java:276)
	at org.springframework.beans.factory.support.DefaultListableBeanFactory.doResolveDependency(DefaultListableBeanFactory.java:1391)
	at org.springframework.beans.factory.support.DefaultListableBeanFactory.resolveDependency(DefaultListableBeanFactory.java:1311)
	at org.springframework.beans.factory.annotation.AutowiredAnnotationBeanPostProcessor$AutowiredFieldElement.resolveFieldValue(AutowiredAnnotationBeanPostProcessor.java:657)
	... 20 common frames omitted
Caused by: org.springframework.beans.factory.UnsatisfiedDependencyException: Error creating bean with name 'categoryMapper' defined in file [E:\WMS\Springboot\target\classes\com\xmut\mapper\CategoryMapper.class]: Unsatisfied dependency expressed through bean property 'sqlSessionFactory'; nested exception is org.springframework.beans.factory.BeanCreationException: Error creating bean with name 'sqlSessionFactory' defined in class path resource [com/baomidou/mybatisplus/autoconfigure/MybatisPlusAutoConfiguration.class]: Bean instantiation via factory method failed; nested exception is org.springframework.beans.BeanInstantiationException: Failed to instantiate [org.apache.ibatis.session.SqlSessionFactory]: Factory method 'sqlSessionFactory' threw exception; nested exception is java.io.IOException: Failed to parse mapping resource: 'file [E:\WMS\Springboot\target\classes\mapper\BookMapper.xml]'
	at org.springframework.beans.factory.support.AbstractAutowireCapableBeanFactory.autowireByType(AbstractAutowireCapableBeanFactory.java:1534)
	at org.springframework.beans.factory.support.AbstractAutowireCapableBeanFactory.populateBean(AbstractAutowireCapableBeanFactory.java:1417)
	at org.springframework.beans.factory.support.AbstractAutowireCapableBeanFactory.doCreateBean(AbstractAutowireCapableBeanFactory.java:619)
	at org.springframework.beans.factory.support.AbstractAutowireCapableBeanFactory.createBean(AbstractAutowireCapableBeanFactory.java:542)
	at org.springframework.beans.factory.support.AbstractBeanFactory.lambda$doGetBean$0(AbstractBeanFactory.java:335)
	at org.springframework.beans.factory.support.DefaultSingletonBeanRegistry.getSingleton(DefaultSingletonBeanRegistry.java:234)
	at org.springframework.beans.factory.support.AbstractBeanFactory.doGetBean(AbstractBeanFactory.java:333)
	at org.springframework.beans.factory.support.AbstractBeanFactory.getBean(AbstractBeanFactory.java:208)
	at org.springframework.beans.factory.config.DependencyDescriptor.resolveCandidate(DependencyDescriptor.java:276)
	at org.springframework.beans.factory.support.DefaultListableBeanFactory.doResolveDependency(DefaultListableBeanFactory.java:1391)
	at org.springframework.beans.factory.support.DefaultListableBeanFactory.resolveDependency(DefaultListableBeanFactory.java:1311)
	at org.springframework.beans.factory.annotation.AutowiredAnnotationBeanPostProcessor$AutowiredFieldElement.resolveFieldValue(AutowiredAnnotationBeanPostProcessor.java:657)
	... 34 common frames omitted
Caused by: org.springframework.beans.factory.BeanCreationException: Error creating bean with name 'sqlSessionFactory' defined in class path resource [com/baomidou/mybatisplus/autoconfigure/MybatisPlusAutoConfiguration.class]: Bean instantiation via factory method failed; nested exception is org.springframework.beans.BeanInstantiationException: Failed to instantiate [org.apache.ibatis.session.SqlSessionFactory]: Factory method 'sqlSessionFactory' threw exception; nested exception is java.io.IOException: Failed to parse mapping resource: 'file [E:\WMS\Springboot\target\classes\mapper\BookMapper.xml]'
	at org.springframework.beans.factory.support.ConstructorResolver.instantiate(ConstructorResolver.java:658)
	at org.springframework.beans.factory.support.ConstructorResolver.instantiateUsingFactoryMethod(ConstructorResolver.java:638)
	at org.springframework.beans.factory.support.AbstractAutowireCapableBeanFactory.instantiateUsingFactoryMethod(AbstractAutowireCapableBeanFactory.java:1352)
	at org.springframework.beans.factory.support.AbstractAutowireCapableBeanFactory.createBeanInstance(AbstractAutowireCapableBeanFactory.java:1195)
	at org.springframework.beans.factory.support.AbstractAutowireCapableBeanFactory.doCreateBean(AbstractAutowireCapableBeanFactory.java:582)
	at org.springframework.beans.factory.support.AbstractAutowireCapableBeanFactory.createBean(AbstractAutowireCapableBeanFactory.java:542)
	at org.springframework.beans.factory.support.AbstractBeanFactory.lambda$doGetBean$0(AbstractBeanFactory.java:335)
	at org.springframework.beans.factory.support.DefaultSingletonBeanRegistry.getSingleton(DefaultSingletonBeanRegistry.java:234)
	at org.springframework.beans.factory.support.AbstractBeanFactory.doGetBean(AbstractBeanFactory.java:333)
	at org.springframework.beans.factory.support.AbstractBeanFactory.getBean(AbstractBeanFactory.java:208)
	at org.springframework.beans.factory.config.DependencyDescriptor.resolveCandidate(DependencyDescriptor.java:276)
	at org.springframework.beans.factory.support.DefaultListableBeanFactory.doResolveDependency(DefaultListableBeanFactory.java:1391)
	at org.springframework.beans.factory.support.DefaultListableBeanFactory.resolveDependency(DefaultListableBeanFactory.java:1311)
	at org.springframework.beans.factory.support.AbstractAutowireCapableBeanFactory.autowireByType(AbstractAutowireCapableBeanFactory.java:1519)
	... 45 common frames omitted
Caused by: org.springframework.beans.BeanInstantiationException: Failed to instantiate [org.apache.ibatis.session.SqlSessionFactory]: Factory method 'sqlSessionFactory' threw exception; nested exception is java.io.IOException: Failed to parse mapping resource: 'file [E:\WMS\Springboot\target\classes\mapper\BookMapper.xml]'
	at org.springframework.beans.factory.support.SimpleInstantiationStrategy.instantiate(SimpleInstantiationStrategy.java:185)
	at org.springframework.beans.factory.support.ConstructorResolver.instantiate(ConstructorResolver.java:653)
	... 58 common frames omitted
Caused by: java.io.IOException: Failed to parse mapping resource: 'file [E:\WMS\Springboot\target\classes\mapper\BookMapper.xml]'
	at com.baomidou.mybatisplus.extension.spring.MybatisSqlSessionFactoryBean.buildSqlSessionFactory(MybatisSqlSessionFactoryBean.java:572)
	at com.baomidou.mybatisplus.extension.spring.MybatisSqlSessionFactoryBean.afterPropertiesSet(MybatisSqlSessionFactoryBean.java:440)
	at com.baomidou.mybatisplus.extension.spring.MybatisSqlSessionFactoryBean.getObject(MybatisSqlSessionFactoryBean.java:605)
	at com.baomidou.mybatisplus.autoconfigure.MybatisPlusAutoConfiguration.sqlSessionFactory(MybatisPlusAutoConfiguration.java:219)
	at java.base/jdk.internal.reflect.DirectMethodHandleAccessor.invoke(DirectMethodHandleAccessor.java:104)
	at java.base/java.lang.reflect.Method.invoke(Method.java:578)
	at org.springframework.beans.factory.support.SimpleInstantiationStrategy.instantiate(SimpleInstantiationStrategy.java:154)
	... 59 common frames omitted
Caused by: org.apache.ibatis.builder.BuilderException: Error parsing Mapper XML. The XML location is 'file [E:\WMS\Springboot\target\classes\mapper\BookMapper.xml]'. Cause: org.apache.ibatis.builder.BuilderException: Error resolving class. Cause: org.apache.ibatis.type.TypeException: Could not resolve type alias 'com.xmut.entity.Book'.  Cause: java.lang.ClassNotFoundException: Cannot find class: com.xmut.entity.Book
	at org.apache.ibatis.builder.xml.XMLMapperBuilder.configurationElement(XMLMapperBuilder.java:123)
	at org.apache.ibatis.builder.xml.XMLMapperBuilder.parse(XMLMapperBuilder.java:95)
	at com.baomidou.mybatisplus.extension.spring.MybatisSqlSessionFactoryBean.buildSqlSessionFactory(MybatisSqlSessionFactoryBean.java:570)
	... 65 common frames omitted
Caused by: org.apache.ibatis.builder.BuilderException: Error resolving class. Cause: org.apache.ibatis.type.TypeException: Could not resolve type alias 'com.xmut.entity.Book'.  Cause: java.lang.ClassNotFoundException: Cannot find class: com.xmut.entity.Book
	at org.apache.ibatis.builder.BaseBuilder.resolveClass(BaseBuilder.java:118)
	at org.apache.ibatis.builder.xml.XMLStatementBuilder.parseStatementNode(XMLStatementBuilder.java:76)
	at org.apache.ibatis.builder.xml.XMLMapperBuilder.buildStatementFromContext(XMLMapperBuilder.java:138)
	at org.apache.ibatis.builder.xml.XMLMapperBuilder.buildStatementFromContext(XMLMapperBuilder.java:131)
	at org.apache.ibatis.builder.xml.XMLMapperBuilder.configurationElement(XMLMapperBuilder.java:121)
	... 67 common frames omitted
Caused by: org.apache.ibatis.type.TypeException: Could not resolve type alias 'com.xmut.entity.Book'.  Cause: java.lang.ClassNotFoundException: Cannot find class: com.xmut.entity.Book
	at org.apache.ibatis.type.TypeAliasRegistry.resolveAlias(TypeAliasRegistry.java:120)
	at org.apache.ibatis.builder.BaseBuilder.resolveAlias(BaseBuilder.java:149)
	at org.apache.ibatis.builder.BaseBuilder.resolveClass(BaseBuilder.java:116)
	... 71 common frames omitted
Caused by: java.lang.ClassNotFoundException: Cannot find class: com.xmut.entity.Book
	at org.apache.ibatis.io.ClassLoaderWrapper.classForName(ClassLoaderWrapper.java:196)
	at org.apache.ibatis.io.ClassLoaderWrapper.classForName(ClassLoaderWrapper.java:89)
	at org.apache.ibatis.io.Resources.classForName(Resources.java:261)
	at org.apache.ibatis.type.TypeAliasRegistry.resolveAlias(TypeAliasRegistry.java:116)
	... 73 common frames omitted
2024-12-01 16:13:02 [main] INFO  com.xmut.WMSApplication - Starting WMSApplication using Java 20.0.1 on LAPTOP-H6G5ECNO with PID 43252 (E:\WMS\Springboot\target\classes started by Fy in E:\WMS\Springboot)
2024-12-01 16:13:02 [main] INFO  com.xmut.WMSApplication - No active profile set, falling back to 1 default profile: "default"
2024-12-01 16:13:03 [main] WARN  o.m.s.mapper.ClassPathMapperScanner - Skipping MapperFactoryBean with name 'categoryMapper' and 'com.xmut.mapper.CategoryMapper' mapperInterface. Bean already defined with the same name!
2024-12-01 16:13:03 [main] WARN  o.m.s.mapper.ClassPathMapperScanner - Skipping MapperFactoryBean with name 'companyMapper' and 'com.xmut.mapper.CompanyMapper' mapperInterface. Bean already defined with the same name!
2024-12-01 16:13:03 [main] WARN  o.m.s.mapper.ClassPathMapperScanner - Skipping MapperFactoryBean with name 'inventoryRecordMapper' and 'com.xmut.mapper.InventoryRecordMapper' mapperInterface. Bean already defined with the same name!
2024-12-01 16:13:03 [main] WARN  o.m.s.mapper.ClassPathMapperScanner - Skipping MapperFactoryBean with name 'logMapper' and 'com.xmut.mapper.LogMapper' mapperInterface. Bean already defined with the same name!
2024-12-01 16:13:03 [main] WARN  o.m.s.mapper.ClassPathMapperScanner - Skipping MapperFactoryBean with name 'permissionMapper' and 'com.xmut.mapper.PermissionMapper' mapperInterface. Bean already defined with the same name!
2024-12-01 16:13:03 [main] WARN  o.m.s.mapper.ClassPathMapperScanner - Skipping MapperFactoryBean with name 'productMapper' and 'com.xmut.mapper.ProductMapper' mapperInterface. Bean already defined with the same name!
2024-12-01 16:13:03 [main] WARN  o.m.s.mapper.ClassPathMapperScanner - Skipping MapperFactoryBean with name 'roleMapper' and 'com.xmut.mapper.RoleMapper' mapperInterface. Bean already defined with the same name!
2024-12-01 16:13:03 [main] WARN  o.m.s.mapper.ClassPathMapperScanner - Skipping MapperFactoryBean with name 'rolePermissionMapper' and 'com.xmut.mapper.RolePermissionMapper' mapperInterface. Bean already defined with the same name!
2024-12-01 16:13:03 [main] WARN  o.m.s.mapper.ClassPathMapperScanner - Skipping MapperFactoryBean with name 'stockMapper' and 'com.xmut.mapper.StockMapper' mapperInterface. Bean already defined with the same name!
2024-12-01 16:13:03 [main] WARN  o.m.s.mapper.ClassPathMapperScanner - Skipping MapperFactoryBean with name 'tokenMapper' and 'com.xmut.mapper.TokenMapper' mapperInterface. Bean already defined with the same name!
2024-12-01 16:13:03 [main] WARN  o.m.s.mapper.ClassPathMapperScanner - Skipping MapperFactoryBean with name 'userMapper' and 'com.xmut.mapper.UserMapper' mapperInterface. Bean already defined with the same name!
2024-12-01 16:13:03 [main] WARN  o.m.s.mapper.ClassPathMapperScanner - Skipping MapperFactoryBean with name 'userRoleMapper' and 'com.xmut.mapper.UserRoleMapper' mapperInterface. Bean already defined with the same name!
2024-12-01 16:13:03 [main] WARN  o.m.s.mapper.ClassPathMapperScanner - Skipping MapperFactoryBean with name 'userWarehouseMapper' and 'com.xmut.mapper.UserWarehouseMapper' mapperInterface. Bean already defined with the same name!
2024-12-01 16:13:03 [main] WARN  o.m.s.mapper.ClassPathMapperScanner - Skipping MapperFactoryBean with name 'warehouseMapper' and 'com.xmut.mapper.WarehouseMapper' mapperInterface. Bean already defined with the same name!
2024-12-01 16:13:03 [main] WARN  o.m.s.mapper.ClassPathMapperScanner - No MyBatis mapper was found in '[com.xmut.mapper]' package. Please check your configuration.
2024-12-01 16:13:03 [main] INFO  o.s.b.w.e.tomcat.TomcatWebServer - Tomcat initialized with port(s): 8899 (http)
2024-12-01 16:13:03 [main] INFO  o.a.coyote.http11.Http11NioProtocol - Initializing ProtocolHandler ["http-nio-8899"]
2024-12-01 16:13:03 [main] INFO  o.a.catalina.core.StandardService - Starting service [Tomcat]
2024-12-01 16:13:03 [main] INFO  o.a.catalina.core.StandardEngine - Starting Servlet engine: [Apache Tomcat/9.0.69]
2024-12-01 16:13:03 [main] INFO  o.a.c.c.C.[Tomcat].[localhost].[/] - Initializing Spring embedded WebApplicationContext
2024-12-01 16:13:03 [main] INFO  o.s.b.w.s.c.ServletWebServerApplicationContext - Root WebApplicationContext: initialization completed in 1100 ms
2024-12-01 16:13:03 [main] WARN  o.s.b.w.s.c.AnnotationConfigServletWebServerApplicationContext - Exception encountered during context initialization - cancelling refresh attempt: org.springframework.beans.factory.UnsatisfiedDependencyException: Error creating bean with name 'categoryController': Unsatisfied dependency expressed through field 'categoryService'; nested exception is org.springframework.beans.factory.UnsatisfiedDependencyException: Error creating bean with name 'categoryServiceImpl': Unsatisfied dependency expressed through field 'baseMapper'; nested exception is org.springframework.beans.factory.UnsatisfiedDependencyException: Error creating bean with name 'categoryMapper' defined in file [E:\WMS\Springboot\target\classes\com\xmut\mapper\CategoryMapper.class]: Unsatisfied dependency expressed through bean property 'sqlSessionFactory'; nested exception is org.springframework.beans.factory.BeanCreationException: Error creating bean with name 'sqlSessionFactory' defined in class path resource [com/baomidou/mybatisplus/autoconfigure/MybatisPlusAutoConfiguration.class]: Bean instantiation via factory method failed; nested exception is org.springframework.beans.BeanInstantiationException: Failed to instantiate [org.apache.ibatis.session.SqlSessionFactory]: Factory method 'sqlSessionFactory' threw exception; nested exception is java.io.IOException: Failed to parse mapping resource: 'file [E:\WMS\Springboot\target\classes\mapper\BookMapper.xml]'
2024-12-01 16:13:03 [main] INFO  o.a.catalina.core.StandardService - Stopping service [Tomcat]
2024-12-01 16:13:03 [main] INFO  o.s.b.a.l.ConditionEvaluationReportLoggingListener - 

Error starting ApplicationContext. To display the conditions report re-run your application with 'debug' enabled.
2024-12-01 16:13:03 [main] ERROR o.s.boot.SpringApplication - Application run failed
org.springframework.beans.factory.UnsatisfiedDependencyException: Error creating bean with name 'categoryController': Unsatisfied dependency expressed through field 'categoryService'; nested exception is org.springframework.beans.factory.UnsatisfiedDependencyException: Error creating bean with name 'categoryServiceImpl': Unsatisfied dependency expressed through field 'baseMapper'; nested exception is org.springframework.beans.factory.UnsatisfiedDependencyException: Error creating bean with name 'categoryMapper' defined in file [E:\WMS\Springboot\target\classes\com\xmut\mapper\CategoryMapper.class]: Unsatisfied dependency expressed through bean property 'sqlSessionFactory'; nested exception is org.springframework.beans.factory.BeanCreationException: Error creating bean with name 'sqlSessionFactory' defined in class path resource [com/baomidou/mybatisplus/autoconfigure/MybatisPlusAutoConfiguration.class]: Bean instantiation via factory method failed; nested exception is org.springframework.beans.BeanInstantiationException: Failed to instantiate [org.apache.ibatis.session.SqlSessionFactory]: Factory method 'sqlSessionFactory' threw exception; nested exception is java.io.IOException: Failed to parse mapping resource: 'file [E:\WMS\Springboot\target\classes\mapper\BookMapper.xml]'
	at org.springframework.beans.factory.annotation.AutowiredAnnotationBeanPostProcessor$AutowiredFieldElement.resolveFieldValue(AutowiredAnnotationBeanPostProcessor.java:660)
	at org.springframework.beans.factory.annotation.AutowiredAnnotationBeanPostProcessor$AutowiredFieldElement.inject(AutowiredAnnotationBeanPostProcessor.java:640)
	at org.springframework.beans.factory.annotation.InjectionMetadata.inject(InjectionMetadata.java:119)
	at org.springframework.beans.factory.annotation.AutowiredAnnotationBeanPostProcessor.postProcessProperties(AutowiredAnnotationBeanPostProcessor.java:399)
	at org.springframework.beans.factory.support.AbstractAutowireCapableBeanFactory.populateBean(AbstractAutowireCapableBeanFactory.java:1431)
	at org.springframework.beans.factory.support.AbstractAutowireCapableBeanFactory.doCreateBean(AbstractAutowireCapableBeanFactory.java:619)
	at org.springframework.beans.factory.support.AbstractAutowireCapableBeanFactory.createBean(AbstractAutowireCapableBeanFactory.java:542)
	at org.springframework.beans.factory.support.AbstractBeanFactory.lambda$doGetBean$0(AbstractBeanFactory.java:335)
	at org.springframework.beans.factory.support.DefaultSingletonBeanRegistry.getSingleton(DefaultSingletonBeanRegistry.java:234)
	at org.springframework.beans.factory.support.AbstractBeanFactory.doGetBean(AbstractBeanFactory.java:333)
	at org.springframework.beans.factory.support.AbstractBeanFactory.getBean(AbstractBeanFactory.java:208)
	at org.springframework.beans.factory.support.DefaultListableBeanFactory.preInstantiateSingletons(DefaultListableBeanFactory.java:955)
	at org.springframework.context.support.AbstractApplicationContext.finishBeanFactoryInitialization(AbstractApplicationContext.java:918)
	at org.springframework.context.support.AbstractApplicationContext.refresh(AbstractApplicationContext.java:583)
	at org.springframework.boot.web.servlet.context.ServletWebServerApplicationContext.refresh(ServletWebServerApplicationContext.java:147)
	at org.springframework.boot.SpringApplication.refresh(SpringApplication.java:731)
	at org.springframework.boot.SpringApplication.refreshContext(SpringApplication.java:408)
	at org.springframework.boot.SpringApplication.run(SpringApplication.java:307)
	at org.springframework.boot.SpringApplication.run(SpringApplication.java:1303)
	at org.springframework.boot.SpringApplication.run(SpringApplication.java:1292)
	at com.xmut.WMSApplication.main(WMSApplication.java:12)
Caused by: org.springframework.beans.factory.UnsatisfiedDependencyException: Error creating bean with name 'categoryServiceImpl': Unsatisfied dependency expressed through field 'baseMapper'; nested exception is org.springframework.beans.factory.UnsatisfiedDependencyException: Error creating bean with name 'categoryMapper' defined in file [E:\WMS\Springboot\target\classes\com\xmut\mapper\CategoryMapper.class]: Unsatisfied dependency expressed through bean property 'sqlSessionFactory'; nested exception is org.springframework.beans.factory.BeanCreationException: Error creating bean with name 'sqlSessionFactory' defined in class path resource [com/baomidou/mybatisplus/autoconfigure/MybatisPlusAutoConfiguration.class]: Bean instantiation via factory method failed; nested exception is org.springframework.beans.BeanInstantiationException: Failed to instantiate [org.apache.ibatis.session.SqlSessionFactory]: Factory method 'sqlSessionFactory' threw exception; nested exception is java.io.IOException: Failed to parse mapping resource: 'file [E:\WMS\Springboot\target\classes\mapper\BookMapper.xml]'
	at org.springframework.beans.factory.annotation.AutowiredAnnotationBeanPostProcessor$AutowiredFieldElement.resolveFieldValue(AutowiredAnnotationBeanPostProcessor.java:660)
	at org.springframework.beans.factory.annotation.AutowiredAnnotationBeanPostProcessor$AutowiredFieldElement.inject(AutowiredAnnotationBeanPostProcessor.java:640)
	at org.springframework.beans.factory.annotation.InjectionMetadata.inject(InjectionMetadata.java:119)
	at org.springframework.beans.factory.annotation.AutowiredAnnotationBeanPostProcessor.postProcessProperties(AutowiredAnnotationBeanPostProcessor.java:399)
	at org.springframework.beans.factory.support.AbstractAutowireCapableBeanFactory.populateBean(AbstractAutowireCapableBeanFactory.java:1431)
	at org.springframework.beans.factory.support.AbstractAutowireCapableBeanFactory.doCreateBean(AbstractAutowireCapableBeanFactory.java:619)
	at org.springframework.beans.factory.support.AbstractAutowireCapableBeanFactory.createBean(AbstractAutowireCapableBeanFactory.java:542)
	at org.springframework.beans.factory.support.AbstractBeanFactory.lambda$doGetBean$0(AbstractBeanFactory.java:335)
	at org.springframework.beans.factory.support.DefaultSingletonBeanRegistry.getSingleton(DefaultSingletonBeanRegistry.java:234)
	at org.springframework.beans.factory.support.AbstractBeanFactory.doGetBean(AbstractBeanFactory.java:333)
	at org.springframework.beans.factory.support.AbstractBeanFactory.getBean(AbstractBeanFactory.java:208)
	at org.springframework.beans.factory.config.DependencyDescriptor.resolveCandidate(DependencyDescriptor.java:276)
	at org.springframework.beans.factory.support.DefaultListableBeanFactory.doResolveDependency(DefaultListableBeanFactory.java:1391)
	at org.springframework.beans.factory.support.DefaultListableBeanFactory.resolveDependency(DefaultListableBeanFactory.java:1311)
	at org.springframework.beans.factory.annotation.AutowiredAnnotationBeanPostProcessor$AutowiredFieldElement.resolveFieldValue(AutowiredAnnotationBeanPostProcessor.java:657)
	... 20 common frames omitted
Caused by: org.springframework.beans.factory.UnsatisfiedDependencyException: Error creating bean with name 'categoryMapper' defined in file [E:\WMS\Springboot\target\classes\com\xmut\mapper\CategoryMapper.class]: Unsatisfied dependency expressed through bean property 'sqlSessionFactory'; nested exception is org.springframework.beans.factory.BeanCreationException: Error creating bean with name 'sqlSessionFactory' defined in class path resource [com/baomidou/mybatisplus/autoconfigure/MybatisPlusAutoConfiguration.class]: Bean instantiation via factory method failed; nested exception is org.springframework.beans.BeanInstantiationException: Failed to instantiate [org.apache.ibatis.session.SqlSessionFactory]: Factory method 'sqlSessionFactory' threw exception; nested exception is java.io.IOException: Failed to parse mapping resource: 'file [E:\WMS\Springboot\target\classes\mapper\BookMapper.xml]'
	at org.springframework.beans.factory.support.AbstractAutowireCapableBeanFactory.autowireByType(AbstractAutowireCapableBeanFactory.java:1534)
	at org.springframework.beans.factory.support.AbstractAutowireCapableBeanFactory.populateBean(AbstractAutowireCapableBeanFactory.java:1417)
	at org.springframework.beans.factory.support.AbstractAutowireCapableBeanFactory.doCreateBean(AbstractAutowireCapableBeanFactory.java:619)
	at org.springframework.beans.factory.support.AbstractAutowireCapableBeanFactory.createBean(AbstractAutowireCapableBeanFactory.java:542)
	at org.springframework.beans.factory.support.AbstractBeanFactory.lambda$doGetBean$0(AbstractBeanFactory.java:335)
	at org.springframework.beans.factory.support.DefaultSingletonBeanRegistry.getSingleton(DefaultSingletonBeanRegistry.java:234)
	at org.springframework.beans.factory.support.AbstractBeanFactory.doGetBean(AbstractBeanFactory.java:333)
	at org.springframework.beans.factory.support.AbstractBeanFactory.getBean(AbstractBeanFactory.java:208)
	at org.springframework.beans.factory.config.DependencyDescriptor.resolveCandidate(DependencyDescriptor.java:276)
	at org.springframework.beans.factory.support.DefaultListableBeanFactory.doResolveDependency(DefaultListableBeanFactory.java:1391)
	at org.springframework.beans.factory.support.DefaultListableBeanFactory.resolveDependency(DefaultListableBeanFactory.java:1311)
	at org.springframework.beans.factory.annotation.AutowiredAnnotationBeanPostProcessor$AutowiredFieldElement.resolveFieldValue(AutowiredAnnotationBeanPostProcessor.java:657)
	... 34 common frames omitted
Caused by: org.springframework.beans.factory.BeanCreationException: Error creating bean with name 'sqlSessionFactory' defined in class path resource [com/baomidou/mybatisplus/autoconfigure/MybatisPlusAutoConfiguration.class]: Bean instantiation via factory method failed; nested exception is org.springframework.beans.BeanInstantiationException: Failed to instantiate [org.apache.ibatis.session.SqlSessionFactory]: Factory method 'sqlSessionFactory' threw exception; nested exception is java.io.IOException: Failed to parse mapping resource: 'file [E:\WMS\Springboot\target\classes\mapper\BookMapper.xml]'
	at org.springframework.beans.factory.support.ConstructorResolver.instantiate(ConstructorResolver.java:658)
	at org.springframework.beans.factory.support.ConstructorResolver.instantiateUsingFactoryMethod(ConstructorResolver.java:638)
	at org.springframework.beans.factory.support.AbstractAutowireCapableBeanFactory.instantiateUsingFactoryMethod(AbstractAutowireCapableBeanFactory.java:1352)
	at org.springframework.beans.factory.support.AbstractAutowireCapableBeanFactory.createBeanInstance(AbstractAutowireCapableBeanFactory.java:1195)
	at org.springframework.beans.factory.support.AbstractAutowireCapableBeanFactory.doCreateBean(AbstractAutowireCapableBeanFactory.java:582)
	at org.springframework.beans.factory.support.AbstractAutowireCapableBeanFactory.createBean(AbstractAutowireCapableBeanFactory.java:542)
	at org.springframework.beans.factory.support.AbstractBeanFactory.lambda$doGetBean$0(AbstractBeanFactory.java:335)
	at org.springframework.beans.factory.support.DefaultSingletonBeanRegistry.getSingleton(DefaultSingletonBeanRegistry.java:234)
	at org.springframework.beans.factory.support.AbstractBeanFactory.doGetBean(AbstractBeanFactory.java:333)
	at org.springframework.beans.factory.support.AbstractBeanFactory.getBean(AbstractBeanFactory.java:208)
	at org.springframework.beans.factory.config.DependencyDescriptor.resolveCandidate(DependencyDescriptor.java:276)
	at org.springframework.beans.factory.support.DefaultListableBeanFactory.doResolveDependency(DefaultListableBeanFactory.java:1391)
	at org.springframework.beans.factory.support.DefaultListableBeanFactory.resolveDependency(DefaultListableBeanFactory.java:1311)
	at org.springframework.beans.factory.support.AbstractAutowireCapableBeanFactory.autowireByType(AbstractAutowireCapableBeanFactory.java:1519)
	... 45 common frames omitted
Caused by: org.springframework.beans.BeanInstantiationException: Failed to instantiate [org.apache.ibatis.session.SqlSessionFactory]: Factory method 'sqlSessionFactory' threw exception; nested exception is java.io.IOException: Failed to parse mapping resource: 'file [E:\WMS\Springboot\target\classes\mapper\BookMapper.xml]'
	at org.springframework.beans.factory.support.SimpleInstantiationStrategy.instantiate(SimpleInstantiationStrategy.java:185)
	at org.springframework.beans.factory.support.ConstructorResolver.instantiate(ConstructorResolver.java:653)
	... 58 common frames omitted
Caused by: java.io.IOException: Failed to parse mapping resource: 'file [E:\WMS\Springboot\target\classes\mapper\BookMapper.xml]'
	at com.baomidou.mybatisplus.extension.spring.MybatisSqlSessionFactoryBean.buildSqlSessionFactory(MybatisSqlSessionFactoryBean.java:572)
	at com.baomidou.mybatisplus.extension.spring.MybatisSqlSessionFactoryBean.afterPropertiesSet(MybatisSqlSessionFactoryBean.java:440)
	at com.baomidou.mybatisplus.extension.spring.MybatisSqlSessionFactoryBean.getObject(MybatisSqlSessionFactoryBean.java:605)
	at com.baomidou.mybatisplus.autoconfigure.MybatisPlusAutoConfiguration.sqlSessionFactory(MybatisPlusAutoConfiguration.java:219)
	at java.base/jdk.internal.reflect.DirectMethodHandleAccessor.invoke(DirectMethodHandleAccessor.java:104)
	at java.base/java.lang.reflect.Method.invoke(Method.java:578)
	at org.springframework.beans.factory.support.SimpleInstantiationStrategy.instantiate(SimpleInstantiationStrategy.java:154)
	... 59 common frames omitted
Caused by: org.apache.ibatis.builder.BuilderException: Error parsing Mapper XML. The XML location is 'file [E:\WMS\Springboot\target\classes\mapper\BookMapper.xml]'. Cause: org.apache.ibatis.builder.BuilderException: Error resolving class. Cause: org.apache.ibatis.type.TypeException: Could not resolve type alias 'com.xmut.entity.Book'.  Cause: java.lang.ClassNotFoundException: Cannot find class: com.xmut.entity.Book
	at org.apache.ibatis.builder.xml.XMLMapperBuilder.configurationElement(XMLMapperBuilder.java:123)
	at org.apache.ibatis.builder.xml.XMLMapperBuilder.parse(XMLMapperBuilder.java:95)
	at com.baomidou.mybatisplus.extension.spring.MybatisSqlSessionFactoryBean.buildSqlSessionFactory(MybatisSqlSessionFactoryBean.java:570)
	... 65 common frames omitted
Caused by: org.apache.ibatis.builder.BuilderException: Error resolving class. Cause: org.apache.ibatis.type.TypeException: Could not resolve type alias 'com.xmut.entity.Book'.  Cause: java.lang.ClassNotFoundException: Cannot find class: com.xmut.entity.Book
	at org.apache.ibatis.builder.BaseBuilder.resolveClass(BaseBuilder.java:118)
	at org.apache.ibatis.builder.xml.XMLStatementBuilder.parseStatementNode(XMLStatementBuilder.java:76)
	at org.apache.ibatis.builder.xml.XMLMapperBuilder.buildStatementFromContext(XMLMapperBuilder.java:138)
	at org.apache.ibatis.builder.xml.XMLMapperBuilder.buildStatementFromContext(XMLMapperBuilder.java:131)
	at org.apache.ibatis.builder.xml.XMLMapperBuilder.configurationElement(XMLMapperBuilder.java:121)
	... 67 common frames omitted
Caused by: org.apache.ibatis.type.TypeException: Could not resolve type alias 'com.xmut.entity.Book'.  Cause: java.lang.ClassNotFoundException: Cannot find class: com.xmut.entity.Book
	at org.apache.ibatis.type.TypeAliasRegistry.resolveAlias(TypeAliasRegistry.java:120)
	at org.apache.ibatis.builder.BaseBuilder.resolveAlias(BaseBuilder.java:149)
	at org.apache.ibatis.builder.BaseBuilder.resolveClass(BaseBuilder.java:116)
	... 71 common frames omitted
Caused by: java.lang.ClassNotFoundException: Cannot find class: com.xmut.entity.Book
	at org.apache.ibatis.io.ClassLoaderWrapper.classForName(ClassLoaderWrapper.java:196)
	at org.apache.ibatis.io.ClassLoaderWrapper.classForName(ClassLoaderWrapper.java:89)
	at org.apache.ibatis.io.Resources.classForName(Resources.java:261)
	at org.apache.ibatis.type.TypeAliasRegistry.resolveAlias(TypeAliasRegistry.java:116)
	... 73 common frames omitted
2024-12-01 16:17:25 [main] INFO  com.xmut.WMSApplication - Starting WMSApplication using Java 20.0.1 on LAPTOP-H6G5ECNO with PID 3308 (E:\WMS\Springboot\target\classes started by Fy in E:\WMS\Springboot)
2024-12-01 16:17:25 [main] INFO  com.xmut.WMSApplication - No active profile set, falling back to 1 default profile: "default"
2024-12-01 16:17:26 [main] WARN  o.m.s.mapper.ClassPathMapperScanner - Skipping MapperFactoryBean with name 'categoryMapper' and 'com.xmut.mapper.CategoryMapper' mapperInterface. Bean already defined with the same name!
2024-12-01 16:17:26 [main] WARN  o.m.s.mapper.ClassPathMapperScanner - Skipping MapperFactoryBean with name 'companyMapper' and 'com.xmut.mapper.CompanyMapper' mapperInterface. Bean already defined with the same name!
2024-12-01 16:17:26 [main] WARN  o.m.s.mapper.ClassPathMapperScanner - Skipping MapperFactoryBean with name 'inventoryRecordMapper' and 'com.xmut.mapper.InventoryRecordMapper' mapperInterface. Bean already defined with the same name!
2024-12-01 16:17:26 [main] WARN  o.m.s.mapper.ClassPathMapperScanner - Skipping MapperFactoryBean with name 'logMapper' and 'com.xmut.mapper.LogMapper' mapperInterface. Bean already defined with the same name!
2024-12-01 16:17:26 [main] WARN  o.m.s.mapper.ClassPathMapperScanner - Skipping MapperFactoryBean with name 'permissionMapper' and 'com.xmut.mapper.PermissionMapper' mapperInterface. Bean already defined with the same name!
2024-12-01 16:17:26 [main] WARN  o.m.s.mapper.ClassPathMapperScanner - Skipping MapperFactoryBean with name 'productMapper' and 'com.xmut.mapper.ProductMapper' mapperInterface. Bean already defined with the same name!
2024-12-01 16:17:26 [main] WARN  o.m.s.mapper.ClassPathMapperScanner - Skipping MapperFactoryBean with name 'roleMapper' and 'com.xmut.mapper.RoleMapper' mapperInterface. Bean already defined with the same name!
2024-12-01 16:17:26 [main] WARN  o.m.s.mapper.ClassPathMapperScanner - Skipping MapperFactoryBean with name 'rolePermissionMapper' and 'com.xmut.mapper.RolePermissionMapper' mapperInterface. Bean already defined with the same name!
2024-12-01 16:17:26 [main] WARN  o.m.s.mapper.ClassPathMapperScanner - Skipping MapperFactoryBean with name 'stockMapper' and 'com.xmut.mapper.StockMapper' mapperInterface. Bean already defined with the same name!
2024-12-01 16:17:26 [main] WARN  o.m.s.mapper.ClassPathMapperScanner - Skipping MapperFactoryBean with name 'tokenMapper' and 'com.xmut.mapper.TokenMapper' mapperInterface. Bean already defined with the same name!
2024-12-01 16:17:26 [main] WARN  o.m.s.mapper.ClassPathMapperScanner - Skipping MapperFactoryBean with name 'userMapper' and 'com.xmut.mapper.UserMapper' mapperInterface. Bean already defined with the same name!
2024-12-01 16:17:26 [main] WARN  o.m.s.mapper.ClassPathMapperScanner - Skipping MapperFactoryBean with name 'userRoleMapper' and 'com.xmut.mapper.UserRoleMapper' mapperInterface. Bean already defined with the same name!
2024-12-01 16:17:26 [main] WARN  o.m.s.mapper.ClassPathMapperScanner - Skipping MapperFactoryBean with name 'userWarehouseMapper' and 'com.xmut.mapper.UserWarehouseMapper' mapperInterface. Bean already defined with the same name!
2024-12-01 16:17:26 [main] WARN  o.m.s.mapper.ClassPathMapperScanner - Skipping MapperFactoryBean with name 'warehouseMapper' and 'com.xmut.mapper.WarehouseMapper' mapperInterface. Bean already defined with the same name!
2024-12-01 16:17:26 [main] WARN  o.m.s.mapper.ClassPathMapperScanner - No MyBatis mapper was found in '[com.xmut.mapper]' package. Please check your configuration.
2024-12-01 16:17:26 [main] INFO  o.s.b.w.e.tomcat.TomcatWebServer - Tomcat initialized with port(s): 8899 (http)
2024-12-01 16:17:26 [main] INFO  o.a.coyote.http11.Http11NioProtocol - Initializing ProtocolHandler ["http-nio-8899"]
2024-12-01 16:17:26 [main] INFO  o.a.catalina.core.StandardService - Starting service [Tomcat]
2024-12-01 16:17:26 [main] INFO  o.a.catalina.core.StandardEngine - Starting Servlet engine: [Apache Tomcat/9.0.69]
2024-12-01 16:17:26 [main] INFO  o.a.c.c.C.[Tomcat].[localhost].[/] - Initializing Spring embedded WebApplicationContext
2024-12-01 16:17:26 [main] INFO  o.s.b.w.s.c.ServletWebServerApplicationContext - Root WebApplicationContext: initialization completed in 1162 ms
2024-12-01 16:17:27 [main] INFO  s.d.s.w.PropertySourcedRequestMappingHandlerMapping - Mapped URL path [/v2/api-docs] onto method [springfox.documentation.swagger2.web.Swagger2Controller#getDocumentation(String, HttpServletRequest)]
2024-12-01 16:17:27 [main] INFO  o.s.b.a.w.s.WelcomePageHandlerMapping - Adding welcome page: class path resource [static/index.html]
2024-12-01 16:17:27 [main] INFO  o.a.coyote.http11.Http11NioProtocol - Starting ProtocolHandler ["http-nio-8899"]
2024-12-01 16:17:27 [main] INFO  o.s.b.w.e.tomcat.TomcatWebServer - Tomcat started on port(s): 8899 (http) with context path ''
2024-12-01 16:17:27 [main] INFO  s.d.s.w.p.DocumentationPluginsBootstrapper - Context refreshed
2024-12-01 16:17:27 [main] INFO  s.d.s.w.p.DocumentationPluginsBootstrapper - Found 1 custom documentation plugin(s)
2024-12-01 16:17:27 [main] INFO  s.d.s.w.s.ApiListingReferenceScanner - Scanning for api listing references
2024-12-01 16:17:28 [main] INFO  com.xmut.WMSApplication - Started WMSApplication in 2.913 seconds (JVM running for 3.534)
2024-12-01 16:19:09 [main] INFO  com.xmut.WMSApplication - Starting WMSApplication using Java 20.0.1 on LAPTOP-H6G5ECNO with PID 42880 (E:\WMS\Springboot\target\classes started by Fy in E:\WMS\Springboot)
2024-12-01 16:19:09 [main] INFO  com.xmut.WMSApplication - No active profile set, falling back to 1 default profile: "default"
2024-12-01 16:19:09 [main] WARN  o.m.s.mapper.ClassPathMapperScanner - Skipping MapperFactoryBean with name 'categoryMapper' and 'com.xmut.mapper.CategoryMapper' mapperInterface. Bean already defined with the same name!
2024-12-01 16:19:09 [main] WARN  o.m.s.mapper.ClassPathMapperScanner - Skipping MapperFactoryBean with name 'companyMapper' and 'com.xmut.mapper.CompanyMapper' mapperInterface. Bean already defined with the same name!
2024-12-01 16:19:09 [main] WARN  o.m.s.mapper.ClassPathMapperScanner - Skipping MapperFactoryBean with name 'inventoryRecordMapper' and 'com.xmut.mapper.InventoryRecordMapper' mapperInterface. Bean already defined with the same name!
2024-12-01 16:19:09 [main] WARN  o.m.s.mapper.ClassPathMapperScanner - Skipping MapperFactoryBean with name 'logMapper' and 'com.xmut.mapper.LogMapper' mapperInterface. Bean already defined with the same name!
2024-12-01 16:19:09 [main] WARN  o.m.s.mapper.ClassPathMapperScanner - Skipping MapperFactoryBean with name 'permissionMapper' and 'com.xmut.mapper.PermissionMapper' mapperInterface. Bean already defined with the same name!
2024-12-01 16:19:09 [main] WARN  o.m.s.mapper.ClassPathMapperScanner - Skipping MapperFactoryBean with name 'productMapper' and 'com.xmut.mapper.ProductMapper' mapperInterface. Bean already defined with the same name!
2024-12-01 16:19:09 [main] WARN  o.m.s.mapper.ClassPathMapperScanner - Skipping MapperFactoryBean with name 'roleMapper' and 'com.xmut.mapper.RoleMapper' mapperInterface. Bean already defined with the same name!
2024-12-01 16:19:09 [main] WARN  o.m.s.mapper.ClassPathMapperScanner - Skipping MapperFactoryBean with name 'rolePermissionMapper' and 'com.xmut.mapper.RolePermissionMapper' mapperInterface. Bean already defined with the same name!
2024-12-01 16:19:09 [main] WARN  o.m.s.mapper.ClassPathMapperScanner - Skipping MapperFactoryBean with name 'stockMapper' and 'com.xmut.mapper.StockMapper' mapperInterface. Bean already defined with the same name!
2024-12-01 16:19:09 [main] WARN  o.m.s.mapper.ClassPathMapperScanner - Skipping MapperFactoryBean with name 'tokenMapper' and 'com.xmut.mapper.TokenMapper' mapperInterface. Bean already defined with the same name!
2024-12-01 16:19:09 [main] WARN  o.m.s.mapper.ClassPathMapperScanner - Skipping MapperFactoryBean with name 'userMapper' and 'com.xmut.mapper.UserMapper' mapperInterface. Bean already defined with the same name!
2024-12-01 16:19:09 [main] WARN  o.m.s.mapper.ClassPathMapperScanner - Skipping MapperFactoryBean with name 'userRoleMapper' and 'com.xmut.mapper.UserRoleMapper' mapperInterface. Bean already defined with the same name!
2024-12-01 16:19:09 [main] WARN  o.m.s.mapper.ClassPathMapperScanner - Skipping MapperFactoryBean with name 'userWarehouseMapper' and 'com.xmut.mapper.UserWarehouseMapper' mapperInterface. Bean already defined with the same name!
2024-12-01 16:19:09 [main] WARN  o.m.s.mapper.ClassPathMapperScanner - Skipping MapperFactoryBean with name 'warehouseMapper' and 'com.xmut.mapper.WarehouseMapper' mapperInterface. Bean already defined with the same name!
2024-12-01 16:19:09 [main] WARN  o.m.s.mapper.ClassPathMapperScanner - No MyBatis mapper was found in '[com.xmut.mapper]' package. Please check your configuration.
2024-12-01 16:19:10 [main] INFO  o.s.b.w.e.tomcat.TomcatWebServer - Tomcat initialized with port(s): 8899 (http)
2024-12-01 16:19:10 [main] INFO  o.a.coyote.http11.Http11NioProtocol - Initializing ProtocolHandler ["http-nio-8899"]
2024-12-01 16:19:10 [main] INFO  o.a.catalina.core.StandardService - Starting service [Tomcat]
2024-12-01 16:19:10 [main] INFO  o.a.catalina.core.StandardEngine - Starting Servlet engine: [Apache Tomcat/9.0.69]
2024-12-01 16:19:10 [main] INFO  o.a.c.c.C.[Tomcat].[localhost].[/] - Initializing Spring embedded WebApplicationContext
2024-12-01 16:19:10 [main] INFO  o.s.b.w.s.c.ServletWebServerApplicationContext - Root WebApplicationContext: initialization completed in 1109 ms
2024-12-01 16:19:11 [main] INFO  s.d.s.w.PropertySourcedRequestMappingHandlerMapping - Mapped URL path [/v2/api-docs] onto method [springfox.documentation.swagger2.web.Swagger2Controller#getDocumentation(String, HttpServletRequest)]
2024-12-01 16:19:11 [main] INFO  o.s.b.a.w.s.WelcomePageHandlerMapping - Adding welcome page: class path resource [static/index.html]
2024-12-01 16:19:11 [main] INFO  o.a.coyote.http11.Http11NioProtocol - Starting ProtocolHandler ["http-nio-8899"]
2024-12-01 16:19:11 [main] INFO  o.s.b.w.e.tomcat.TomcatWebServer - Tomcat started on port(s): 8899 (http) with context path ''
2024-12-01 16:19:11 [main] INFO  s.d.s.w.p.DocumentationPluginsBootstrapper - Context refreshed
2024-12-01 16:19:11 [main] INFO  s.d.s.w.p.DocumentationPluginsBootstrapper - Found 1 custom documentation plugin(s)
2024-12-01 16:19:11 [main] INFO  s.d.s.w.s.ApiListingReferenceScanner - Scanning for api listing references
2024-12-01 16:19:11 [main] INFO  com.xmut.WMSApplication - Started WMSApplication in 2.932 seconds (JVM running for 3.517)
2024-12-01 16:22:31 [main] INFO  com.xmut.WMSApplication - Starting WMSApplication using Java 20.0.1 on LAPTOP-H6G5ECNO with PID 19256 (E:\WMS\Springboot\target\classes started by Fy in E:\WMS\Springboot)
2024-12-01 16:22:31 [main] INFO  com.xmut.WMSApplication - No active profile set, falling back to 1 default profile: "default"
2024-12-01 16:22:31 [main] WARN  o.m.s.mapper.ClassPathMapperScanner - Skipping MapperFactoryBean with name 'categoryMapper' and 'com.xmut.mapper.CategoryMapper' mapperInterface. Bean already defined with the same name!
2024-12-01 16:22:31 [main] WARN  o.m.s.mapper.ClassPathMapperScanner - Skipping MapperFactoryBean with name 'companyMapper' and 'com.xmut.mapper.CompanyMapper' mapperInterface. Bean already defined with the same name!
2024-12-01 16:22:31 [main] WARN  o.m.s.mapper.ClassPathMapperScanner - Skipping MapperFactoryBean with name 'inventoryRecordMapper' and 'com.xmut.mapper.InventoryRecordMapper' mapperInterface. Bean already defined with the same name!
2024-12-01 16:22:31 [main] WARN  o.m.s.mapper.ClassPathMapperScanner - Skipping MapperFactoryBean with name 'logMapper' and 'com.xmut.mapper.LogMapper' mapperInterface. Bean already defined with the same name!
2024-12-01 16:22:31 [main] WARN  o.m.s.mapper.ClassPathMapperScanner - Skipping MapperFactoryBean with name 'permissionMapper' and 'com.xmut.mapper.PermissionMapper' mapperInterface. Bean already defined with the same name!
2024-12-01 16:22:31 [main] WARN  o.m.s.mapper.ClassPathMapperScanner - Skipping MapperFactoryBean with name 'productMapper' and 'com.xmut.mapper.ProductMapper' mapperInterface. Bean already defined with the same name!
2024-12-01 16:22:31 [main] WARN  o.m.s.mapper.ClassPathMapperScanner - Skipping MapperFactoryBean with name 'roleMapper' and 'com.xmut.mapper.RoleMapper' mapperInterface. Bean already defined with the same name!
2024-12-01 16:22:31 [main] WARN  o.m.s.mapper.ClassPathMapperScanner - Skipping MapperFactoryBean with name 'rolePermissionMapper' and 'com.xmut.mapper.RolePermissionMapper' mapperInterface. Bean already defined with the same name!
2024-12-01 16:22:31 [main] WARN  o.m.s.mapper.ClassPathMapperScanner - Skipping MapperFactoryBean with name 'stockMapper' and 'com.xmut.mapper.StockMapper' mapperInterface. Bean already defined with the same name!
2024-12-01 16:22:31 [main] WARN  o.m.s.mapper.ClassPathMapperScanner - Skipping MapperFactoryBean with name 'tokenMapper' and 'com.xmut.mapper.TokenMapper' mapperInterface. Bean already defined with the same name!
2024-12-01 16:22:31 [main] WARN  o.m.s.mapper.ClassPathMapperScanner - Skipping MapperFactoryBean with name 'userMapper' and 'com.xmut.mapper.UserMapper' mapperInterface. Bean already defined with the same name!
2024-12-01 16:22:31 [main] WARN  o.m.s.mapper.ClassPathMapperScanner - Skipping MapperFactoryBean with name 'userRoleMapper' and 'com.xmut.mapper.UserRoleMapper' mapperInterface. Bean already defined with the same name!
2024-12-01 16:22:31 [main] WARN  o.m.s.mapper.ClassPathMapperScanner - Skipping MapperFactoryBean with name 'userWarehouseMapper' and 'com.xmut.mapper.UserWarehouseMapper' mapperInterface. Bean already defined with the same name!
2024-12-01 16:22:31 [main] WARN  o.m.s.mapper.ClassPathMapperScanner - Skipping MapperFactoryBean with name 'warehouseMapper' and 'com.xmut.mapper.WarehouseMapper' mapperInterface. Bean already defined with the same name!
2024-12-01 16:22:31 [main] WARN  o.m.s.mapper.ClassPathMapperScanner - No MyBatis mapper was found in '[com.xmut.mapper]' package. Please check your configuration.
2024-12-01 16:22:32 [main] INFO  o.s.b.w.e.tomcat.TomcatWebServer - Tomcat initialized with port(s): 8899 (http)
2024-12-01 16:22:32 [main] INFO  o.a.coyote.http11.Http11NioProtocol - Initializing ProtocolHandler ["http-nio-8899"]
2024-12-01 16:22:32 [main] INFO  o.a.catalina.core.StandardService - Starting service [Tomcat]
2024-12-01 16:22:32 [main] INFO  o.a.catalina.core.StandardEngine - Starting Servlet engine: [Apache Tomcat/9.0.69]
2024-12-01 16:22:32 [main] INFO  o.a.c.c.C.[Tomcat].[localhost].[/] - Initializing Spring embedded WebApplicationContext
2024-12-01 16:22:32 [main] INFO  o.s.b.w.s.c.ServletWebServerApplicationContext - Root WebApplicationContext: initialization completed in 1102 ms
2024-12-01 16:22:33 [main] INFO  s.d.s.w.PropertySourcedRequestMappingHandlerMapping - Mapped URL path [/v2/api-docs] onto method [springfox.documentation.swagger2.web.Swagger2Controller#getDocumentation(String, HttpServletRequest)]
2024-12-01 16:22:33 [main] INFO  o.s.b.a.w.s.WelcomePageHandlerMapping - Adding welcome page: class path resource [static/index.html]
2024-12-01 16:22:33 [main] INFO  o.a.coyote.http11.Http11NioProtocol - Starting ProtocolHandler ["http-nio-8899"]
2024-12-01 16:22:33 [main] INFO  o.s.b.w.e.tomcat.TomcatWebServer - Tomcat started on port(s): 8899 (http) with context path ''
2024-12-01 16:22:33 [main] INFO  s.d.s.w.p.DocumentationPluginsBootstrapper - Context refreshed
2024-12-01 16:22:33 [main] INFO  s.d.s.w.p.DocumentationPluginsBootstrapper - Found 1 custom documentation plugin(s)
2024-12-01 16:22:33 [main] INFO  s.d.s.w.s.ApiListingReferenceScanner - Scanning for api listing references
2024-12-01 16:22:33 [main] INFO  com.xmut.WMSApplication - Started WMSApplication in 2.775 seconds (JVM running for 3.365)
2024-12-01 16:24:44 [main] INFO  com.xmut.WMSApplication - Starting WMSApplication using Java 20.0.1 on LAPTOP-H6G5ECNO with PID 50016 (E:\WMS\Springboot\target\classes started by Fy in E:\WMS\Springboot)
2024-12-01 16:24:44 [main] INFO  com.xmut.WMSApplication - No active profile set, falling back to 1 default profile: "default"
2024-12-01 16:24:45 [main] WARN  o.m.s.mapper.ClassPathMapperScanner - Skipping MapperFactoryBean with name 'categoryMapper' and 'com.xmut.mapper.CategoryMapper' mapperInterface. Bean already defined with the same name!
2024-12-01 16:24:45 [main] WARN  o.m.s.mapper.ClassPathMapperScanner - Skipping MapperFactoryBean with name 'companyMapper' and 'com.xmut.mapper.CompanyMapper' mapperInterface. Bean already defined with the same name!
2024-12-01 16:24:45 [main] WARN  o.m.s.mapper.ClassPathMapperScanner - Skipping MapperFactoryBean with name 'inventoryRecordMapper' and 'com.xmut.mapper.InventoryRecordMapper' mapperInterface. Bean already defined with the same name!
2024-12-01 16:24:45 [main] WARN  o.m.s.mapper.ClassPathMapperScanner - Skipping MapperFactoryBean with name 'logMapper' and 'com.xmut.mapper.LogMapper' mapperInterface. Bean already defined with the same name!
2024-12-01 16:24:45 [main] WARN  o.m.s.mapper.ClassPathMapperScanner - Skipping MapperFactoryBean with name 'permissionMapper' and 'com.xmut.mapper.PermissionMapper' mapperInterface. Bean already defined with the same name!
2024-12-01 16:24:45 [main] WARN  o.m.s.mapper.ClassPathMapperScanner - Skipping MapperFactoryBean with name 'productMapper' and 'com.xmut.mapper.ProductMapper' mapperInterface. Bean already defined with the same name!
2024-12-01 16:24:45 [main] WARN  o.m.s.mapper.ClassPathMapperScanner - Skipping MapperFactoryBean with name 'roleMapper' and 'com.xmut.mapper.RoleMapper' mapperInterface. Bean already defined with the same name!
2024-12-01 16:24:45 [main] WARN  o.m.s.mapper.ClassPathMapperScanner - Skipping MapperFactoryBean with name 'rolePermissionMapper' and 'com.xmut.mapper.RolePermissionMapper' mapperInterface. Bean already defined with the same name!
2024-12-01 16:24:45 [main] WARN  o.m.s.mapper.ClassPathMapperScanner - Skipping MapperFactoryBean with name 'stockMapper' and 'com.xmut.mapper.StockMapper' mapperInterface. Bean already defined with the same name!
2024-12-01 16:24:45 [main] WARN  o.m.s.mapper.ClassPathMapperScanner - Skipping MapperFactoryBean with name 'tokenMapper' and 'com.xmut.mapper.TokenMapper' mapperInterface. Bean already defined with the same name!
2024-12-01 16:24:45 [main] WARN  o.m.s.mapper.ClassPathMapperScanner - Skipping MapperFactoryBean with name 'userMapper' and 'com.xmut.mapper.UserMapper' mapperInterface. Bean already defined with the same name!
2024-12-01 16:24:45 [main] WARN  o.m.s.mapper.ClassPathMapperScanner - Skipping MapperFactoryBean with name 'userRoleMapper' and 'com.xmut.mapper.UserRoleMapper' mapperInterface. Bean already defined with the same name!
2024-12-01 16:24:45 [main] WARN  o.m.s.mapper.ClassPathMapperScanner - Skipping MapperFactoryBean with name 'userWarehouseMapper' and 'com.xmut.mapper.UserWarehouseMapper' mapperInterface. Bean already defined with the same name!
2024-12-01 16:24:45 [main] WARN  o.m.s.mapper.ClassPathMapperScanner - Skipping MapperFactoryBean with name 'warehouseMapper' and 'com.xmut.mapper.WarehouseMapper' mapperInterface. Bean already defined with the same name!
2024-12-01 16:24:45 [main] WARN  o.m.s.mapper.ClassPathMapperScanner - No MyBatis mapper was found in '[com.xmut.mapper]' package. Please check your configuration.
2024-12-01 16:24:45 [main] INFO  o.s.b.w.e.tomcat.TomcatWebServer - Tomcat initialized with port(s): 8877 (http)
2024-12-01 16:24:45 [main] INFO  o.a.coyote.http11.Http11NioProtocol - Initializing ProtocolHandler ["http-nio-8877"]
2024-12-01 16:24:45 [main] INFO  o.a.catalina.core.StandardService - Starting service [Tomcat]
2024-12-01 16:24:45 [main] INFO  o.a.catalina.core.StandardEngine - Starting Servlet engine: [Apache Tomcat/9.0.69]
2024-12-01 16:24:45 [main] INFO  o.a.c.c.C.[.[localhost].[/wms] - Initializing Spring embedded WebApplicationContext
2024-12-01 16:24:45 [main] INFO  o.s.b.w.s.c.ServletWebServerApplicationContext - Root WebApplicationContext: initialization completed in 1108 ms
2024-12-01 16:24:46 [main] INFO  s.d.s.w.PropertySourcedRequestMappingHandlerMapping - Mapped URL path [/v2/api-docs] onto method [springfox.documentation.swagger2.web.Swagger2Controller#getDocumentation(String, HttpServletRequest)]
2024-12-01 16:24:46 [main] INFO  o.s.b.a.w.s.WelcomePageHandlerMapping - Adding welcome page: class path resource [static/index.html]
2024-12-01 16:24:47 [main] INFO  o.a.coyote.http11.Http11NioProtocol - Starting ProtocolHandler ["http-nio-8877"]
2024-12-01 16:24:47 [main] INFO  o.s.b.w.e.tomcat.TomcatWebServer - Tomcat started on port(s): 8877 (http) with context path '/wms'
2024-12-01 16:24:47 [main] INFO  s.d.s.w.p.DocumentationPluginsBootstrapper - Context refreshed
2024-12-01 16:24:47 [main] INFO  s.d.s.w.p.DocumentationPluginsBootstrapper - Found 1 custom documentation plugin(s)
2024-12-01 16:24:47 [main] INFO  s.d.s.w.s.ApiListingReferenceScanner - Scanning for api listing references
2024-12-01 16:24:47 [main] INFO  com.xmut.WMSApplication - Started WMSApplication in 2.914 seconds (JVM running for 3.527)
2024-12-01 16:25:44 [main] INFO  com.xmut.WMSApplication - Starting WMSApplication using Java 20.0.1 on LAPTOP-H6G5ECNO with PID 19368 (E:\WMS\Springboot\target\classes started by Fy in E:\WMS\Springboot)
2024-12-01 16:25:44 [main] DEBUG com.xmut.WMSApplication - Running with Spring Boot v2.7.6, Spring v5.3.24
2024-12-01 16:25:44 [main] INFO  com.xmut.WMSApplication - No active profile set, falling back to 1 default profile: "default"
2024-12-01 16:25:45 [main] WARN  o.m.s.mapper.ClassPathMapperScanner - Skipping MapperFactoryBean with name 'categoryMapper' and 'com.xmut.mapper.CategoryMapper' mapperInterface. Bean already defined with the same name!
2024-12-01 16:25:45 [main] WARN  o.m.s.mapper.ClassPathMapperScanner - Skipping MapperFactoryBean with name 'companyMapper' and 'com.xmut.mapper.CompanyMapper' mapperInterface. Bean already defined with the same name!
2024-12-01 16:25:45 [main] WARN  o.m.s.mapper.ClassPathMapperScanner - Skipping MapperFactoryBean with name 'inventoryRecordMapper' and 'com.xmut.mapper.InventoryRecordMapper' mapperInterface. Bean already defined with the same name!
2024-12-01 16:25:45 [main] WARN  o.m.s.mapper.ClassPathMapperScanner - Skipping MapperFactoryBean with name 'logMapper' and 'com.xmut.mapper.LogMapper' mapperInterface. Bean already defined with the same name!
2024-12-01 16:25:45 [main] WARN  o.m.s.mapper.ClassPathMapperScanner - Skipping MapperFactoryBean with name 'permissionMapper' and 'com.xmut.mapper.PermissionMapper' mapperInterface. Bean already defined with the same name!
2024-12-01 16:25:45 [main] WARN  o.m.s.mapper.ClassPathMapperScanner - Skipping MapperFactoryBean with name 'productMapper' and 'com.xmut.mapper.ProductMapper' mapperInterface. Bean already defined with the same name!
2024-12-01 16:25:45 [main] WARN  o.m.s.mapper.ClassPathMapperScanner - Skipping MapperFactoryBean with name 'roleMapper' and 'com.xmut.mapper.RoleMapper' mapperInterface. Bean already defined with the same name!
2024-12-01 16:25:45 [main] WARN  o.m.s.mapper.ClassPathMapperScanner - Skipping MapperFactoryBean with name 'rolePermissionMapper' and 'com.xmut.mapper.RolePermissionMapper' mapperInterface. Bean already defined with the same name!
2024-12-01 16:25:45 [main] WARN  o.m.s.mapper.ClassPathMapperScanner - Skipping MapperFactoryBean with name 'stockMapper' and 'com.xmut.mapper.StockMapper' mapperInterface. Bean already defined with the same name!
2024-12-01 16:25:45 [main] WARN  o.m.s.mapper.ClassPathMapperScanner - Skipping MapperFactoryBean with name 'tokenMapper' and 'com.xmut.mapper.TokenMapper' mapperInterface. Bean already defined with the same name!
2024-12-01 16:25:45 [main] WARN  o.m.s.mapper.ClassPathMapperScanner - Skipping MapperFactoryBean with name 'userMapper' and 'com.xmut.mapper.UserMapper' mapperInterface. Bean already defined with the same name!
2024-12-01 16:25:45 [main] WARN  o.m.s.mapper.ClassPathMapperScanner - Skipping MapperFactoryBean with name 'userRoleMapper' and 'com.xmut.mapper.UserRoleMapper' mapperInterface. Bean already defined with the same name!
2024-12-01 16:25:45 [main] WARN  o.m.s.mapper.ClassPathMapperScanner - Skipping MapperFactoryBean with name 'userWarehouseMapper' and 'com.xmut.mapper.UserWarehouseMapper' mapperInterface. Bean already defined with the same name!
2024-12-01 16:25:45 [main] WARN  o.m.s.mapper.ClassPathMapperScanner - Skipping MapperFactoryBean with name 'warehouseMapper' and 'com.xmut.mapper.WarehouseMapper' mapperInterface. Bean already defined with the same name!
2024-12-01 16:25:45 [main] WARN  o.m.s.mapper.ClassPathMapperScanner - No MyBatis mapper was found in '[com.xmut.mapper]' package. Please check your configuration.
2024-12-01 16:25:45 [main] INFO  o.s.b.w.e.tomcat.TomcatWebServer - Tomcat initialized with port(s): 8899 (http)
2024-12-01 16:25:45 [main] INFO  o.a.coyote.http11.Http11NioProtocol - Initializing ProtocolHandler ["http-nio-8899"]
2024-12-01 16:25:45 [main] INFO  o.a.catalina.core.StandardService - Starting service [Tomcat]
2024-12-01 16:25:45 [main] INFO  o.a.catalina.core.StandardEngine - Starting Servlet engine: [Apache Tomcat/9.0.69]
2024-12-01 16:25:46 [main] INFO  o.a.c.c.C.[Tomcat].[localhost].[/] - Initializing Spring embedded WebApplicationContext
2024-12-01 16:25:46 [main] INFO  o.s.b.w.s.c.ServletWebServerApplicationContext - Root WebApplicationContext: initialization completed in 1104 ms
2024-12-01 16:25:46 [main] INFO  s.d.s.w.PropertySourcedRequestMappingHandlerMapping - Mapped URL path [/v2/api-docs] onto method [springfox.documentation.swagger2.web.Swagger2Controller#getDocumentation(String, HttpServletRequest)]
2024-12-01 16:25:47 [main] INFO  o.s.b.a.w.s.WelcomePageHandlerMapping - Adding welcome page: class path resource [static/index.html]
2024-12-01 16:25:47 [main] INFO  o.a.coyote.http11.Http11NioProtocol - Starting ProtocolHandler ["http-nio-8899"]
2024-12-01 16:25:47 [main] INFO  o.s.b.w.e.tomcat.TomcatWebServer - Tomcat started on port(s): 8899 (http) with context path ''
2024-12-01 16:25:47 [main] INFO  s.d.s.w.p.DocumentationPluginsBootstrapper - Context refreshed
2024-12-01 16:25:47 [main] INFO  s.d.s.w.p.DocumentationPluginsBootstrapper - Found 1 custom documentation plugin(s)
2024-12-01 16:25:47 [main] INFO  s.d.s.w.s.ApiListingReferenceScanner - Scanning for api listing references
2024-12-01 16:25:47 [main] INFO  com.xmut.WMSApplication - Started WMSApplication in 2.821 seconds (JVM running for 3.466)
2024-12-01 17:01:58 [main] INFO  o.s.mock.web.MockServletContext - Initializing Spring TestDispatcherServlet ''
2024-12-01 17:01:58 [main] INFO  o.s.t.w.s.TestDispatcherServlet - Initializing Servlet ''
2024-12-01 17:01:58 [main] INFO  o.s.t.w.s.TestDispatcherServlet - Completed initialization in 2 ms
2024-12-01 17:01:58 [main] INFO  o.s.mock.web.MockServletContext - Initializing Spring TestDispatcherServlet ''
2024-12-01 17:01:58 [main] INFO  o.s.t.w.s.TestDispatcherServlet - Initializing Servlet ''
2024-12-01 17:01:58 [main] INFO  o.s.t.w.s.TestDispatcherServlet - Completed initialization in 0 ms
2024-12-01 17:01:58 [main] INFO  o.s.mock.web.MockServletContext - Initializing Spring TestDispatcherServlet ''
2024-12-01 17:01:58 [main] INFO  o.s.t.w.s.TestDispatcherServlet - Initializing Servlet ''
2024-12-01 17:01:58 [main] INFO  o.s.t.w.s.TestDispatcherServlet - Completed initialization in 0 ms
2024-12-01 17:01:58 [main] INFO  o.s.mock.web.MockServletContext - Initializing Spring TestDispatcherServlet ''
2024-12-01 17:01:58 [main] INFO  o.s.t.w.s.TestDispatcherServlet - Initializing Servlet ''
2024-12-01 17:01:58 [main] INFO  o.s.t.w.s.TestDispatcherServlet - Completed initialization in 1 ms
2024-12-01 17:09:48 [main] INFO  o.s.mock.web.MockServletContext - Initializing Spring TestDispatcherServlet ''
2024-12-01 17:09:48 [main] INFO  o.s.t.w.s.TestDispatcherServlet - Initializing Servlet ''
2024-12-01 17:09:48 [main] INFO  o.s.t.w.s.TestDispatcherServlet - Completed initialization in 1 ms
2024-12-01 17:09:48 [main] INFO  o.s.mock.web.MockServletContext - Initializing Spring TestDispatcherServlet ''
2024-12-01 17:09:48 [main] INFO  o.s.t.w.s.TestDispatcherServlet - Initializing Servlet ''
2024-12-01 17:09:48 [main] INFO  o.s.t.w.s.TestDispatcherServlet - Completed initialization in 0 ms
2024-12-01 17:09:48 [main] INFO  o.s.mock.web.MockServletContext - Initializing Spring TestDispatcherServlet ''
2024-12-01 17:09:48 [main] INFO  o.s.t.w.s.TestDispatcherServlet - Initializing Servlet ''
2024-12-01 17:09:48 [main] INFO  o.s.t.w.s.TestDispatcherServlet - Completed initialization in 0 ms
2024-12-01 17:09:48 [main] INFO  o.s.mock.web.MockServletContext - Initializing Spring TestDispatcherServlet ''
2024-12-01 17:09:48 [main] INFO  o.s.t.w.s.TestDispatcherServlet - Initializing Servlet ''
2024-12-01 17:09:48 [main] INFO  o.s.t.w.s.TestDispatcherServlet - Completed initialization in 0 ms
2024-12-01 17:11:05 [main] INFO  o.s.mock.web.MockServletContext - Initializing Spring TestDispatcherServlet ''
2024-12-01 17:11:05 [main] INFO  o.s.t.w.s.TestDispatcherServlet - Initializing Servlet ''
2024-12-01 17:11:05 [main] INFO  o.s.t.w.s.TestDispatcherServlet - Completed initialization in 2 ms
2024-12-01 17:11:15 [main] INFO  o.s.mock.web.MockServletContext - Initializing Spring TestDispatcherServlet ''
2024-12-01 17:11:15 [main] INFO  o.s.t.w.s.TestDispatcherServlet - Initializing Servlet ''
2024-12-01 17:11:15 [main] INFO  o.s.t.w.s.TestDispatcherServlet - Completed initialization in 3 ms
2024-12-01 17:11:15 [main] INFO  o.s.mock.web.MockServletContext - Initializing Spring TestDispatcherServlet ''
2024-12-01 17:11:15 [main] INFO  o.s.t.w.s.TestDispatcherServlet - Initializing Servlet ''
2024-12-01 17:11:15 [main] INFO  o.s.t.w.s.TestDispatcherServlet - Completed initialization in 0 ms
2024-12-01 17:11:15 [main] INFO  o.s.mock.web.MockServletContext - Initializing Spring TestDispatcherServlet ''
2024-12-01 17:11:15 [main] INFO  o.s.t.w.s.TestDispatcherServlet - Initializing Servlet ''
2024-12-01 17:11:15 [main] INFO  o.s.t.w.s.TestDispatcherServlet - Completed initialization in 0 ms
2024-12-01 17:11:15 [main] INFO  o.s.mock.web.MockServletContext - Initializing Spring TestDispatcherServlet ''
2024-12-01 17:11:15 [main] INFO  o.s.t.w.s.TestDispatcherServlet - Initializing Servlet ''
2024-12-01 17:11:15 [main] INFO  o.s.t.w.s.TestDispatcherServlet - Completed initialization in 0 ms
2024-12-01 17:18:42 [main] INFO  o.s.mock.web.MockServletContext - Initializing Spring TestDispatcherServlet ''
2024-12-01 17:18:42 [main] INFO  o.s.t.w.s.TestDispatcherServlet - Initializing Servlet ''
2024-12-01 17:18:42 [main] INFO  o.s.t.w.s.TestDispatcherServlet - Completed initialization in 2 ms
2024-12-01 17:18:42 [main] INFO  o.s.mock.web.MockServletContext - Initializing Spring TestDispatcherServlet ''
2024-12-01 17:18:42 [main] INFO  o.s.t.w.s.TestDispatcherServlet - Initializing Servlet ''
2024-12-01 17:18:42 [main] INFO  o.s.t.w.s.TestDispatcherServlet - Completed initialization in 0 ms
2024-12-01 17:18:42 [main] INFO  o.s.mock.web.MockServletContext - Initializing Spring TestDispatcherServlet ''
2024-12-01 17:18:42 [main] INFO  o.s.t.w.s.TestDispatcherServlet - Initializing Servlet ''
2024-12-01 17:18:42 [main] INFO  o.s.t.w.s.TestDispatcherServlet - Completed initialization in 0 ms
2024-12-01 17:18:42 [main] INFO  o.s.mock.web.MockServletContext - Initializing Spring TestDispatcherServlet ''
2024-12-01 17:18:42 [main] INFO  o.s.t.w.s.TestDispatcherServlet - Initializing Servlet ''
2024-12-01 17:18:42 [main] INFO  o.s.t.w.s.TestDispatcherServlet - Completed initialization in 0 ms
2024-12-01 17:20:37 [main] INFO  o.s.mock.web.MockServletContext - Initializing Spring TestDispatcherServlet ''
2024-12-01 17:20:37 [main] INFO  o.s.t.w.s.TestDispatcherServlet - Initializing Servlet ''
2024-12-01 17:20:37 [main] INFO  o.s.t.w.s.TestDispatcherServlet - Completed initialization in 2 ms
2024-12-01 17:20:37 [main] INFO  o.s.mock.web.MockServletContext - Initializing Spring TestDispatcherServlet ''
2024-12-01 17:20:37 [main] INFO  o.s.t.w.s.TestDispatcherServlet - Initializing Servlet ''
2024-12-01 17:20:37 [main] INFO  o.s.t.w.s.TestDispatcherServlet - Completed initialization in 0 ms
2024-12-01 17:20:37 [main] INFO  o.s.mock.web.MockServletContext - Initializing Spring TestDispatcherServlet ''
2024-12-01 17:20:37 [main] INFO  o.s.t.w.s.TestDispatcherServlet - Initializing Servlet ''
2024-12-01 17:20:37 [main] INFO  o.s.t.w.s.TestDispatcherServlet - Completed initialization in 0 ms
2024-12-01 17:20:37 [main] INFO  o.s.mock.web.MockServletContext - Initializing Spring TestDispatcherServlet ''
2024-12-01 17:20:37 [main] INFO  o.s.t.w.s.TestDispatcherServlet - Initializing Servlet ''
2024-12-01 17:20:37 [main] INFO  o.s.t.w.s.TestDispatcherServlet - Completed initialization in 1 ms
2024-12-01 18:11:52 [main] INFO  o.s.mock.web.MockServletContext - Initializing Spring TestDispatcherServlet ''
2024-12-01 18:11:52 [main] INFO  o.s.t.w.s.TestDispatcherServlet - Initializing Servlet ''
2024-12-01 18:11:52 [main] INFO  o.s.t.w.s.TestDispatcherServlet - Completed initialization in 2 ms
2024-12-01 18:11:52 [main] INFO  o.s.mock.web.MockServletContext - Initializing Spring TestDispatcherServlet ''
2024-12-01 18:11:52 [main] INFO  o.s.t.w.s.TestDispatcherServlet - Initializing Servlet ''
2024-12-01 18:11:52 [main] INFO  o.s.t.w.s.TestDispatcherServlet - Completed initialization in 0 ms
2024-12-01 18:11:52 [main] INFO  o.s.mock.web.MockServletContext - Initializing Spring TestDispatcherServlet ''
2024-12-01 18:11:52 [main] INFO  o.s.t.w.s.TestDispatcherServlet - Initializing Servlet ''
2024-12-01 18:11:52 [main] INFO  o.s.t.w.s.TestDispatcherServlet - Completed initialization in 0 ms
2024-12-01 18:11:52 [main] INFO  o.s.mock.web.MockServletContext - Initializing Spring TestDispatcherServlet ''
2024-12-01 18:11:52 [main] INFO  o.s.t.w.s.TestDispatcherServlet - Initializing Servlet ''
2024-12-01 18:11:52 [main] INFO  o.s.t.w.s.TestDispatcherServlet - Completed initialization in 0 ms
2024-12-01 18:11:57 [main] INFO  com.xmut.WMSApplication - Starting WMSApplication using Java 20.0.1 on LAPTOP-H6G5ECNO with PID 21640 (E:\WMS\Springboot\target\classes started by Fy in E:\WMS\Springboot)
2024-12-01 18:11:57 [main] DEBUG com.xmut.WMSApplication - Running with Spring Boot v2.7.6, Spring v5.3.24
2024-12-01 18:11:57 [main] INFO  com.xmut.WMSApplication - No active profile set, falling back to 1 default profile: "default"
2024-12-01 18:11:58 [main] WARN  o.m.s.mapper.ClassPathMapperScanner - Skipping MapperFactoryBean with name 'categoryMapper' and 'com.xmut.mapper.CategoryMapper' mapperInterface. Bean already defined with the same name!
2024-12-01 18:11:58 [main] WARN  o.m.s.mapper.ClassPathMapperScanner - Skipping MapperFactoryBean with name 'companyMapper' and 'com.xmut.mapper.CompanyMapper' mapperInterface. Bean already defined with the same name!
2024-12-01 18:11:58 [main] WARN  o.m.s.mapper.ClassPathMapperScanner - Skipping MapperFactoryBean with name 'inventoryRecordMapper' and 'com.xmut.mapper.InventoryRecordMapper' mapperInterface. Bean already defined with the same name!
2024-12-01 18:11:58 [main] WARN  o.m.s.mapper.ClassPathMapperScanner - Skipping MapperFactoryBean with name 'logMapper' and 'com.xmut.mapper.LogMapper' mapperInterface. Bean already defined with the same name!
2024-12-01 18:11:58 [main] WARN  o.m.s.mapper.ClassPathMapperScanner - Skipping MapperFactoryBean with name 'permissionMapper' and 'com.xmut.mapper.PermissionMapper' mapperInterface. Bean already defined with the same name!
2024-12-01 18:11:58 [main] WARN  o.m.s.mapper.ClassPathMapperScanner - Skipping MapperFactoryBean with name 'productMapper' and 'com.xmut.mapper.ProductMapper' mapperInterface. Bean already defined with the same name!
2024-12-01 18:11:58 [main] WARN  o.m.s.mapper.ClassPathMapperScanner - Skipping MapperFactoryBean with name 'roleMapper' and 'com.xmut.mapper.RoleMapper' mapperInterface. Bean already defined with the same name!
2024-12-01 18:11:58 [main] WARN  o.m.s.mapper.ClassPathMapperScanner - Skipping MapperFactoryBean with name 'rolePermissionMapper' and 'com.xmut.mapper.RolePermissionMapper' mapperInterface. Bean already defined with the same name!
2024-12-01 18:11:58 [main] WARN  o.m.s.mapper.ClassPathMapperScanner - Skipping MapperFactoryBean with name 'stockMapper' and 'com.xmut.mapper.StockMapper' mapperInterface. Bean already defined with the same name!
2024-12-01 18:11:58 [main] WARN  o.m.s.mapper.ClassPathMapperScanner - Skipping MapperFactoryBean with name 'tokenMapper' and 'com.xmut.mapper.TokenMapper' mapperInterface. Bean already defined with the same name!
2024-12-01 18:11:58 [main] WARN  o.m.s.mapper.ClassPathMapperScanner - Skipping MapperFactoryBean with name 'userMapper' and 'com.xmut.mapper.UserMapper' mapperInterface. Bean already defined with the same name!
2024-12-01 18:11:58 [main] WARN  o.m.s.mapper.ClassPathMapperScanner - Skipping MapperFactoryBean with name 'userRoleMapper' and 'com.xmut.mapper.UserRoleMapper' mapperInterface. Bean already defined with the same name!
2024-12-01 18:11:58 [main] WARN  o.m.s.mapper.ClassPathMapperScanner - Skipping MapperFactoryBean with name 'userWarehouseMapper' and 'com.xmut.mapper.UserWarehouseMapper' mapperInterface. Bean already defined with the same name!
2024-12-01 18:11:58 [main] WARN  o.m.s.mapper.ClassPathMapperScanner - Skipping MapperFactoryBean with name 'warehouseMapper' and 'com.xmut.mapper.WarehouseMapper' mapperInterface. Bean already defined with the same name!
2024-12-01 18:11:58 [main] WARN  o.m.s.mapper.ClassPathMapperScanner - No MyBatis mapper was found in '[com.xmut.mapper]' package. Please check your configuration.
2024-12-01 18:11:58 [main] INFO  o.s.b.w.e.tomcat.TomcatWebServer - Tomcat initialized with port(s): 8899 (http)
2024-12-01 18:11:58 [main] INFO  o.a.coyote.http11.Http11NioProtocol - Initializing ProtocolHandler ["http-nio-8899"]
2024-12-01 18:11:58 [main] INFO  o.a.catalina.core.StandardService - Starting service [Tomcat]
2024-12-01 18:11:58 [main] INFO  o.a.catalina.core.StandardEngine - Starting Servlet engine: [Apache Tomcat/9.0.69]
2024-12-01 18:11:58 [main] INFO  o.a.c.c.C.[Tomcat].[localhost].[/] - Initializing Spring embedded WebApplicationContext
2024-12-01 18:11:58 [main] INFO  o.s.b.w.s.c.ServletWebServerApplicationContext - Root WebApplicationContext: initialization completed in 1127 ms
2024-12-01 18:11:59 [main] INFO  s.d.s.w.PropertySourcedRequestMappingHandlerMapping - Mapped URL path [/v2/api-docs] onto method [springfox.documentation.swagger2.web.Swagger2Controller#getDocumentation(String, HttpServletRequest)]
2024-12-01 18:11:59 [main] INFO  o.s.b.a.w.s.WelcomePageHandlerMapping - Adding welcome page: class path resource [static/index.html]
2024-12-01 18:12:00 [main] INFO  o.a.coyote.http11.Http11NioProtocol - Starting ProtocolHandler ["http-nio-8899"]
2024-12-01 18:12:00 [main] INFO  o.s.b.w.e.tomcat.TomcatWebServer - Tomcat started on port(s): 8899 (http) with context path ''
2024-12-01 18:12:00 [main] INFO  s.d.s.w.p.DocumentationPluginsBootstrapper - Context refreshed
2024-12-01 18:12:00 [main] INFO  s.d.s.w.p.DocumentationPluginsBootstrapper - Found 1 custom documentation plugin(s)
2024-12-01 18:12:00 [main] INFO  s.d.s.w.s.ApiListingReferenceScanner - Scanning for api listing references
2024-12-01 18:12:00 [main] INFO  com.xmut.WMSApplication - Started WMSApplication in 2.926 seconds (JVM running for 3.583)
2024-12-01 18:12:22 [http-nio-8899-exec-1] INFO  o.a.c.c.C.[Tomcat].[localhost].[/] - Initializing Spring DispatcherServlet 'dispatcherServlet'
2024-12-01 18:12:22 [http-nio-8899-exec-1] INFO  o.s.web.servlet.DispatcherServlet - Initializing Servlet 'dispatcherServlet'
2024-12-01 18:12:22 [http-nio-8899-exec-1] INFO  o.s.web.servlet.DispatcherServlet - Completed initialization in 0 ms
2024-12-01 18:13:02 [main] INFO  com.xmut.WMSApplication - Starting WMSApplication using Java 20.0.1 on LAPTOP-H6G5ECNO with PID 41664 (E:\WMS\Springboot\target\classes started by Fy in E:\WMS\Springboot)
2024-12-01 18:13:02 [main] DEBUG com.xmut.WMSApplication - Running with Spring Boot v2.7.6, Spring v5.3.24
2024-12-01 18:13:02 [main] INFO  com.xmut.WMSApplication - No active profile set, falling back to 1 default profile: "default"
2024-12-01 18:13:02 [main] WARN  o.m.s.mapper.ClassPathMapperScanner - Skipping MapperFactoryBean with name 'categoryMapper' and 'com.xmut.mapper.CategoryMapper' mapperInterface. Bean already defined with the same name!
2024-12-01 18:13:02 [main] WARN  o.m.s.mapper.ClassPathMapperScanner - Skipping MapperFactoryBean with name 'companyMapper' and 'com.xmut.mapper.CompanyMapper' mapperInterface. Bean already defined with the same name!
2024-12-01 18:13:02 [main] WARN  o.m.s.mapper.ClassPathMapperScanner - Skipping MapperFactoryBean with name 'inventoryRecordMapper' and 'com.xmut.mapper.InventoryRecordMapper' mapperInterface. Bean already defined with the same name!
2024-12-01 18:13:02 [main] WARN  o.m.s.mapper.ClassPathMapperScanner - Skipping MapperFactoryBean with name 'logMapper' and 'com.xmut.mapper.LogMapper' mapperInterface. Bean already defined with the same name!
2024-12-01 18:13:02 [main] WARN  o.m.s.mapper.ClassPathMapperScanner - Skipping MapperFactoryBean with name 'permissionMapper' and 'com.xmut.mapper.PermissionMapper' mapperInterface. Bean already defined with the same name!
2024-12-01 18:13:02 [main] WARN  o.m.s.mapper.ClassPathMapperScanner - Skipping MapperFactoryBean with name 'productMapper' and 'com.xmut.mapper.ProductMapper' mapperInterface. Bean already defined with the same name!
2024-12-01 18:13:02 [main] WARN  o.m.s.mapper.ClassPathMapperScanner - Skipping MapperFactoryBean with name 'roleMapper' and 'com.xmut.mapper.RoleMapper' mapperInterface. Bean already defined with the same name!
2024-12-01 18:13:02 [main] WARN  o.m.s.mapper.ClassPathMapperScanner - Skipping MapperFactoryBean with name 'rolePermissionMapper' and 'com.xmut.mapper.RolePermissionMapper' mapperInterface. Bean already defined with the same name!
2024-12-01 18:13:02 [main] WARN  o.m.s.mapper.ClassPathMapperScanner - Skipping MapperFactoryBean with name 'stockMapper' and 'com.xmut.mapper.StockMapper' mapperInterface. Bean already defined with the same name!
2024-12-01 18:13:02 [main] WARN  o.m.s.mapper.ClassPathMapperScanner - Skipping MapperFactoryBean with name 'tokenMapper' and 'com.xmut.mapper.TokenMapper' mapperInterface. Bean already defined with the same name!
2024-12-01 18:13:02 [main] WARN  o.m.s.mapper.ClassPathMapperScanner - Skipping MapperFactoryBean with name 'userMapper' and 'com.xmut.mapper.UserMapper' mapperInterface. Bean already defined with the same name!
2024-12-01 18:13:02 [main] WARN  o.m.s.mapper.ClassPathMapperScanner - Skipping MapperFactoryBean with name 'userRoleMapper' and 'com.xmut.mapper.UserRoleMapper' mapperInterface. Bean already defined with the same name!
2024-12-01 18:13:02 [main] WARN  o.m.s.mapper.ClassPathMapperScanner - Skipping MapperFactoryBean with name 'userWarehouseMapper' and 'com.xmut.mapper.UserWarehouseMapper' mapperInterface. Bean already defined with the same name!
2024-12-01 18:13:02 [main] WARN  o.m.s.mapper.ClassPathMapperScanner - Skipping MapperFactoryBean with name 'warehouseMapper' and 'com.xmut.mapper.WarehouseMapper' mapperInterface. Bean already defined with the same name!
2024-12-01 18:13:02 [main] WARN  o.m.s.mapper.ClassPathMapperScanner - No MyBatis mapper was found in '[com.xmut.mapper]' package. Please check your configuration.
2024-12-01 18:13:03 [main] INFO  o.s.b.w.e.tomcat.TomcatWebServer - Tomcat initialized with port(s): 8899 (http)
2024-12-01 18:13:03 [main] INFO  o.a.coyote.http11.Http11NioProtocol - Initializing ProtocolHandler ["http-nio-8899"]
2024-12-01 18:13:03 [main] INFO  o.a.catalina.core.StandardService - Starting service [Tomcat]
2024-12-01 18:13:03 [main] INFO  o.a.catalina.core.StandardEngine - Starting Servlet engine: [Apache Tomcat/9.0.69]
2024-12-01 18:13:03 [main] INFO  o.a.c.c.C.[.[.[/springboot-20] - Initializing Spring embedded WebApplicationContext
2024-12-01 18:13:03 [main] INFO  o.s.b.w.s.c.ServletWebServerApplicationContext - Root WebApplicationContext: initialization completed in 1202 ms
2024-12-01 18:13:04 [main] INFO  s.d.s.w.PropertySourcedRequestMappingHandlerMapping - Mapped URL path [/v2/api-docs] onto method [springfox.documentation.swagger2.web.Swagger2Controller#getDocumentation(String, HttpServletRequest)]
2024-12-01 18:13:04 [main] INFO  o.s.b.a.w.s.WelcomePageHandlerMapping - Adding welcome page: class path resource [static/index.html]
2024-12-01 18:13:04 [main] INFO  o.a.coyote.http11.Http11NioProtocol - Starting ProtocolHandler ["http-nio-8899"]
2024-12-01 18:13:04 [main] INFO  o.s.b.w.e.tomcat.TomcatWebServer - Tomcat started on port(s): 8899 (http) with context path '/springboot-20'
2024-12-01 18:13:04 [main] INFO  s.d.s.w.p.DocumentationPluginsBootstrapper - Context refreshed
2024-12-01 18:13:04 [main] INFO  s.d.s.w.p.DocumentationPluginsBootstrapper - Found 1 custom documentation plugin(s)
2024-12-01 18:13:04 [main] INFO  s.d.s.w.s.ApiListingReferenceScanner - Scanning for api listing references
2024-12-01 18:13:04 [main] INFO  com.xmut.WMSApplication - Started WMSApplication in 2.963 seconds (JVM running for 3.569)
2024-12-01 18:13:11 [http-nio-8899-exec-4] INFO  o.a.c.c.C.[.[.[/springboot-20] - Initializing Spring DispatcherServlet 'dispatcherServlet'
2024-12-01 18:13:11 [http-nio-8899-exec-4] INFO  o.s.web.servlet.DispatcherServlet - Initializing Servlet 'dispatcherServlet'
2024-12-01 18:13:11 [http-nio-8899-exec-4] INFO  o.s.web.servlet.DispatcherServlet - Completed initialization in 1 ms
2024-12-01 18:13:14 [http-nio-8899-exec-7] WARN  s.d.swagger2.web.Swagger2Controller - Unable to find specification for group default
2024-12-01 18:13:16 [http-nio-8899-exec-8] WARN  s.d.swagger2.web.Swagger2Controller - Unable to find specification for group default
2024-12-01 18:31:48 [main] INFO  com.xmut.WMSApplication - Starting WMSApplication using Java 20.0.1 on LAPTOP-H6G5ECNO with PID 27244 (E:\WMS\Springboot\target\classes started by Fy in E:\WMS\Springboot)
2024-12-01 18:31:48 [main] DEBUG com.xmut.WMSApplication - Running with Spring Boot v2.7.6, Spring v5.3.24
2024-12-01 18:31:48 [main] INFO  com.xmut.WMSApplication - No active profile set, falling back to 1 default profile: "default"
2024-12-01 18:31:49 [main] WARN  o.m.s.mapper.ClassPathMapperScanner - Skipping MapperFactoryBean with name 'categoryMapper' and 'com.xmut.mapper.CategoryMapper' mapperInterface. Bean already defined with the same name!
2024-12-01 18:31:49 [main] WARN  o.m.s.mapper.ClassPathMapperScanner - Skipping MapperFactoryBean with name 'companyMapper' and 'com.xmut.mapper.CompanyMapper' mapperInterface. Bean already defined with the same name!
2024-12-01 18:31:49 [main] WARN  o.m.s.mapper.ClassPathMapperScanner - Skipping MapperFactoryBean with name 'inventoryRecordMapper' and 'com.xmut.mapper.InventoryRecordMapper' mapperInterface. Bean already defined with the same name!
2024-12-01 18:31:49 [main] WARN  o.m.s.mapper.ClassPathMapperScanner - Skipping MapperFactoryBean with name 'logMapper' and 'com.xmut.mapper.LogMapper' mapperInterface. Bean already defined with the same name!
2024-12-01 18:31:49 [main] WARN  o.m.s.mapper.ClassPathMapperScanner - Skipping MapperFactoryBean with name 'permissionMapper' and 'com.xmut.mapper.PermissionMapper' mapperInterface. Bean already defined with the same name!
2024-12-01 18:31:49 [main] WARN  o.m.s.mapper.ClassPathMapperScanner - Skipping MapperFactoryBean with name 'productMapper' and 'com.xmut.mapper.ProductMapper' mapperInterface. Bean already defined with the same name!
2024-12-01 18:31:49 [main] WARN  o.m.s.mapper.ClassPathMapperScanner - Skipping MapperFactoryBean with name 'roleMapper' and 'com.xmut.mapper.RoleMapper' mapperInterface. Bean already defined with the same name!
2024-12-01 18:31:49 [main] WARN  o.m.s.mapper.ClassPathMapperScanner - Skipping MapperFactoryBean with name 'rolePermissionMapper' and 'com.xmut.mapper.RolePermissionMapper' mapperInterface. Bean already defined with the same name!
2024-12-01 18:31:49 [main] WARN  o.m.s.mapper.ClassPathMapperScanner - Skipping MapperFactoryBean with name 'stockMapper' and 'com.xmut.mapper.StockMapper' mapperInterface. Bean already defined with the same name!
2024-12-01 18:31:49 [main] WARN  o.m.s.mapper.ClassPathMapperScanner - Skipping MapperFactoryBean with name 'tokenMapper' and 'com.xmut.mapper.TokenMapper' mapperInterface. Bean already defined with the same name!
2024-12-01 18:31:49 [main] WARN  o.m.s.mapper.ClassPathMapperScanner - Skipping MapperFactoryBean with name 'userMapper' and 'com.xmut.mapper.UserMapper' mapperInterface. Bean already defined with the same name!
2024-12-01 18:31:49 [main] WARN  o.m.s.mapper.ClassPathMapperScanner - Skipping MapperFactoryBean with name 'userRoleMapper' and 'com.xmut.mapper.UserRoleMapper' mapperInterface. Bean already defined with the same name!
2024-12-01 18:31:49 [main] WARN  o.m.s.mapper.ClassPathMapperScanner - Skipping MapperFactoryBean with name 'userWarehouseMapper' and 'com.xmut.mapper.UserWarehouseMapper' mapperInterface. Bean already defined with the same name!
2024-12-01 18:31:49 [main] WARN  o.m.s.mapper.ClassPathMapperScanner - Skipping MapperFactoryBean with name 'warehouseMapper' and 'com.xmut.mapper.WarehouseMapper' mapperInterface. Bean already defined with the same name!
2024-12-01 18:31:49 [main] WARN  o.m.s.mapper.ClassPathMapperScanner - No MyBatis mapper was found in '[com.xmut.mapper]' package. Please check your configuration.
2024-12-01 18:31:49 [main] INFO  o.s.b.w.e.tomcat.TomcatWebServer - Tomcat initialized with port(s): 8899 (http)
2024-12-01 18:31:49 [main] INFO  o.a.coyote.http11.Http11NioProtocol - Initializing ProtocolHandler ["http-nio-8899"]
2024-12-01 18:31:49 [main] INFO  o.a.catalina.core.StandardService - Starting service [Tomcat]
2024-12-01 18:31:49 [main] INFO  o.a.catalina.core.StandardEngine - Starting Servlet engine: [Apache Tomcat/9.0.69]
2024-12-01 18:31:49 [main] INFO  o.a.c.c.C.[.[.[/springboot-20] - Initializing Spring embedded WebApplicationContext
2024-12-01 18:31:49 [main] INFO  o.s.b.w.s.c.ServletWebServerApplicationContext - Root WebApplicationContext: initialization completed in 1197 ms
2024-12-01 18:31:50 [main] INFO  s.d.s.w.PropertySourcedRequestMappingHandlerMapping - Mapped URL path [/v2/api-docs] onto method [springfox.documentation.swagger2.web.Swagger2Controller#getDocumentation(String, HttpServletRequest)]
2024-12-01 18:31:50 [main] INFO  o.s.b.a.w.s.WelcomePageHandlerMapping - Adding welcome page: class path resource [static/index.html]
2024-12-01 18:31:51 [main] INFO  o.a.coyote.http11.Http11NioProtocol - Starting ProtocolHandler ["http-nio-8899"]
2024-12-01 18:31:51 [main] INFO  o.s.b.w.e.tomcat.TomcatWebServer - Tomcat started on port(s): 8899 (http) with context path '/springboot-20'
2024-12-01 18:31:51 [main] INFO  s.d.s.w.p.DocumentationPluginsBootstrapper - Context refreshed
2024-12-01 18:31:51 [main] INFO  s.d.s.w.p.DocumentationPluginsBootstrapper - Found 1 custom documentation plugin(s)
2024-12-01 18:31:51 [main] INFO  s.d.s.w.s.ApiListingReferenceScanner - Scanning for api listing references
2024-12-01 18:31:51 [main] INFO  com.xmut.WMSApplication - Started WMSApplication in 3.149 seconds (JVM running for 3.895)
2024-12-01 18:33:05 [http-nio-8899-exec-1] INFO  o.a.c.c.C.[.[.[/springboot-20] - Initializing Spring DispatcherServlet 'dispatcherServlet'
2024-12-01 18:33:05 [http-nio-8899-exec-1] INFO  o.s.web.servlet.DispatcherServlet - Initializing Servlet 'dispatcherServlet'
2024-12-01 18:33:05 [http-nio-8899-exec-1] INFO  o.s.web.servlet.DispatcherServlet - Completed initialization in 1 ms
